{"/Users/kaperrine_dog/projects/corolab/school/graduation-works/study-sprint-board-supabase/src/App.tsx": {"path":"/Users/kaperrine_dog/projects/corolab/school/graduation-works/study-sprint-board-supabase/src/App.tsx","statementMap":{"0":{"start":{"line":13,"column":23},"end":{"line":13,"column":52}},"1":{"start":{"line":15,"column":2},"end":{"line":16,"column":null}},"2":{"start":{"line":16,"column":4},"end":{"line":16,"column":null}},"3":{"start":{"line":19,"column":2},"end":{"line":19,"column":null}},"4":{"start":{"line":23,"column":2},"end":{"line":29,"column":null}},"5":{"start":{"line":34,"column":2},"end":{"line":54,"column":null}},"6":{"start":{"line":59,"column":2},"end":{"line":59,"column":null}}},"fnMap":{"0":{"name":"RootRedirect","decl":{"start":{"line":12,"column":9},"end":{"line":12,"column":24}},"loc":{"start":{"line":12,"column":24},"end":{"line":19,"column":null}},"line":12},"1":{"name":"NotFoundPage","decl":{"start":{"line":22,"column":9},"end":{"line":22,"column":24}},"loc":{"start":{"line":22,"column":24},"end":{"line":29,"column":null}},"line":22},"2":{"name":"AppRoutes","decl":{"start":{"line":33,"column":16},"end":{"line":33,"column":28}},"loc":{"start":{"line":33,"column":28},"end":{"line":54,"column":null}},"line":33},"3":{"name":"App","decl":{"start":{"line":58,"column":24},"end":{"line":58,"column":30}},"loc":{"start":{"line":58,"column":30},"end":{"line":59,"column":null}},"line":58}},"branchMap":{"0":{"loc":{"start":{"line":15,"column":2},"end":{"line":16,"column":null}},"type":"if","locations":[{"start":{"line":15,"column":2},"end":{"line":16,"column":null}},{"start":{},"end":{}}],"line":15},"1":{"loc":{"start":{"line":19,"column":23},"end":{"line":19,"column":63}},"type":"cond-expr","locations":[{"start":{"line":19,"column":37},"end":{"line":19,"column":52}},{"start":{"line":19,"column":52},"end":{"line":19,"column":63}}],"line":19}},"s":{"0":7,"1":7,"2":3,"3":4,"4":1,"5":16,"6":2},"f":{"0":7,"1":1,"2":16,"3":2},"b":{"0":[3,4],"1":[2,2]},"meta":{"lastBranch":2,"lastFunction":4,"lastStatement":7,"seen":{"f:12:9:12:24":0,"s:13:23:13:52":0,"b:15:2:16:Infinity:undefined:undefined:undefined:undefined":0,"s:15:2:16:Infinity":1,"s:16:4:16:Infinity":2,"s:19:2:19:Infinity":3,"b:19:37:19:52:19:52:19:63":1,"f:22:9:22:24":1,"s:23:2:29:Infinity":4,"f:33:16:33:28":2,"s:34:2:54:Infinity":5,"f:58:24:58:30":3,"s:59:2:59:Infinity":6}}}
,"/Users/kaperrine_dog/projects/corolab/school/graduation-works/study-sprint-board-supabase/src/components/app-shell.tsx": {"path":"/Users/kaperrine_dog/projects/corolab/school/graduation-works/study-sprint-board-supabase/src/components/app-shell.tsx","statementMap":{"0":{"start":{"line":8,"column":17},"end":{"line":12,"column":null}},"1":{"start":{"line":25,"column":8},"end":{"line":25,"column":32}},"2":{"start":{"line":26,"column":23},"end":{"line":26,"column":57}},"3":{"start":{"line":28,"column":2},"end":{"line":83,"column":null}},"4":{"start":{"line":52,"column":18},"end":{"line":63,"column":null}},"5":{"start":{"line":55,"column":34},"end":{"line":58,"column":null}},"6":{"start":{"line":71,"column":18},"end":{"line":71,"column":null}},"7":{"start":{"line":72,"column":18},"end":{"line":72,"column":null}},"8":{"start":{"line":73,"column":18},"end":{"line":73,"column":null}}},"fnMap":{"0":{"name":"AppShell","decl":{"start":{"line":14,"column":16},"end":{"line":14,"column":25}},"loc":{"start":{"line":24,"column":3},"end":{"line":83,"column":null}},"line":24},"1":{"name":"(anonymous_1)","decl":{"start":{"line":51,"column":26},"end":{"line":51,"column":31}},"loc":{"start":{"line":52,"column":18},"end":{"line":63,"column":null}},"line":52},"2":{"name":"(anonymous_2)","decl":{"start":{"line":55,"column":20},"end":{"line":55,"column":32}},"loc":{"start":{"line":55,"column":34},"end":{"line":58,"column":null}},"line":55},"3":{"name":"(anonymous_3)","decl":{"start":{"line":70,"column":25},"end":{"line":70,"column":37}},"loc":{"start":{"line":70,"column":37},"end":{"line":73,"column":null}},"line":70}},"branchMap":{"0":{"loc":{"start":{"line":58,"column":24},"end":{"line":58,"column":null}},"type":"cond-expr","locations":[{"start":{"line":58,"column":35},"end":{"line":58,"column":63}},{"start":{"line":58,"column":63},"end":{"line":58,"column":null}}],"line":58},"1":{"loc":{"start":{"line":76,"column":17},"end":{"line":76,"column":null}},"type":"cond-expr","locations":[{"start":{"line":76,"column":32},"end":{"line":76,"column":47}},{"start":{"line":76,"column":47},"end":{"line":76,"column":null}}],"line":76}},"s":{"0":2,"1":17,"2":17,"3":17,"4":51,"5":51,"6":1,"7":1,"8":1},"f":{"0":17,"1":51,"2":51,"3":1},"b":{"0":[17,34],"1":[1,16]},"meta":{"lastBranch":2,"lastFunction":4,"lastStatement":9,"seen":{"s:8:17:12:Infinity":0,"f:14:16:14:25":0,"s:25:8:25:32":1,"s:26:23:26:57":2,"s:28:2:83:Infinity":3,"f:51:26:51:31":1,"s:52:18:63:Infinity":4,"f:55:20:55:32":2,"s:55:34:58:Infinity":5,"b:58:35:58:63:58:63:58:Infinity":0,"f:70:25:70:37":3,"s:71:18:71:Infinity":6,"s:72:18:72:Infinity":7,"s:73:18:73:Infinity":8,"b:76:32:76:47:76:47:76:Infinity":1}}}
,"/Users/kaperrine_dog/projects/corolab/school/graduation-works/study-sprint-board-supabase/src/components/badges.tsx": {"path":"/Users/kaperrine_dog/projects/corolab/school/graduation-works/study-sprint-board-supabase/src/components/badges.tsx","statementMap":{"0":{"start":{"line":4,"column":51},"end":{"line":9,"column":null}},"1":{"start":{"line":11,"column":55},"end":{"line":16,"column":null}},"2":{"start":{"line":19,"column":2},"end":{"line":22,"column":null}},"3":{"start":{"line":27,"column":2},"end":{"line":30,"column":null}},"4":{"start":{"line":35,"column":2},"end":{"line":43,"column":null}}},"fnMap":{"0":{"name":"StatusBadge","decl":{"start":{"line":18,"column":16},"end":{"line":18,"column":28}},"loc":{"start":{"line":18,"column":64},"end":{"line":22,"column":null}},"line":18},"1":{"name":"PriorityBadge","decl":{"start":{"line":26,"column":16},"end":{"line":26,"column":30}},"loc":{"start":{"line":26,"column":72},"end":{"line":30,"column":null}},"line":26},"2":{"name":"ModeBadge","decl":{"start":{"line":34,"column":16},"end":{"line":34,"column":26}},"loc":{"start":{"line":34,"column":62},"end":{"line":43,"column":null}},"line":34}},"branchMap":{"0":{"loc":{"start":{"line":39,"column":8},"end":{"line":39,"column":null}},"type":"cond-expr","locations":[{"start":{"line":39,"column":26},"end":{"line":39,"column":54}},{"start":{"line":39,"column":54},"end":{"line":39,"column":null}}],"line":39},"1":{"loc":{"start":{"line":42,"column":7},"end":{"line":42,"column":null}},"type":"cond-expr","locations":[{"start":{"line":42,"column":25},"end":{"line":42,"column":39}},{"start":{"line":42,"column":39},"end":{"line":42,"column":null}}],"line":42}},"s":{"0":2,"1":2,"2":93,"3":93,"4":58},"f":{"0":93,"1":93,"2":58},"b":{"0":[21,37],"1":[21,37]},"meta":{"lastBranch":2,"lastFunction":3,"lastStatement":5,"seen":{"s:4:51:9:Infinity":0,"s:11:55:16:Infinity":1,"f:18:16:18:28":0,"s:19:2:22:Infinity":2,"f:26:16:26:30":1,"s:27:2:30:Infinity":3,"f:34:16:34:26":2,"s:35:2:43:Infinity":4,"b:39:26:39:54:39:54:39:Infinity":0,"b:42:25:42:39:42:39:42:Infinity":1}}}
,"/Users/kaperrine_dog/projects/corolab/school/graduation-works/study-sprint-board-supabase/src/components/empty-state.tsx": {"path":"/Users/kaperrine_dog/projects/corolab/school/graduation-works/study-sprint-board-supabase/src/components/empty-state.tsx","statementMap":{"0":{"start":{"line":12,"column":2},"end":{"line":16,"column":null}}},"fnMap":{"0":{"name":"EmptyState","decl":{"start":{"line":3,"column":16},"end":{"line":3,"column":27}},"loc":{"start":{"line":11,"column":3},"end":{"line":16,"column":null}},"line":11}},"branchMap":{"0":{"loc":{"start":{"line":16,"column":7},"end":{"line":16,"column":null}},"type":"cond-expr","locations":[{"start":{"line":16,"column":16},"end":{"line":16,"column":null}},{"start":{"line":16,"column":55},"end":{"line":16,"column":null}}],"line":16}},"s":{"0":17},"f":{"0":17},"b":{"0":[4,13]},"meta":{"lastBranch":1,"lastFunction":1,"lastStatement":1,"seen":{"f:3:16:3:27":0,"s:12:2:16:Infinity":0,"b:16:16:16:Infinity:16:55:16:Infinity":0}}}
,"/Users/kaperrine_dog/projects/corolab/school/graduation-works/study-sprint-board-supabase/src/features/auth/require-auth.tsx": {"path":"/Users/kaperrine_dog/projects/corolab/school/graduation-works/study-sprint-board-supabase/src/features/auth/require-auth.tsx","statementMap":{"0":{"start":{"line":8,"column":2},"end":{"line":11,"column":null}},"1":{"start":{"line":16,"column":21},"end":{"line":16,"column":52}},"2":{"start":{"line":18,"column":2},"end":{"line":19,"column":null}},"3":{"start":{"line":19,"column":4},"end":{"line":19,"column":null}},"4":{"start":{"line":22,"column":2},"end":{"line":23,"column":null}},"5":{"start":{"line":23,"column":4},"end":{"line":23,"column":null}},"6":{"start":{"line":26,"column":2},"end":{"line":26,"column":null}},"7":{"start":{"line":30,"column":50},"end":{"line":30,"column":77}},"8":{"start":{"line":32,"column":2},"end":{"line":33,"column":null}},"9":{"start":{"line":33,"column":4},"end":{"line":33,"column":null}},"10":{"start":{"line":36,"column":2},"end":{"line":37,"column":null}},"11":{"start":{"line":37,"column":4},"end":{"line":37,"column":null}},"12":{"start":{"line":40,"column":2},"end":{"line":43,"column":null}}},"fnMap":{"0":{"name":"FullPageMessage","decl":{"start":{"line":7,"column":9},"end":{"line":7,"column":25}},"loc":{"start":{"line":7,"column":59},"end":{"line":11,"column":null}},"line":7},"1":{"name":"PublicOnly","decl":{"start":{"line":15,"column":16},"end":{"line":15,"column":27}},"loc":{"start":{"line":15,"column":66},"end":{"line":26,"column":null}},"line":15},"2":{"name":"ProtectedLayout","decl":{"start":{"line":29,"column":16},"end":{"line":29,"column":34}},"loc":{"start":{"line":29,"column":34},"end":{"line":43,"column":null}},"line":29}},"branchMap":{"0":{"loc":{"start":{"line":18,"column":2},"end":{"line":19,"column":null}},"type":"if","locations":[{"start":{"line":18,"column":2},"end":{"line":19,"column":null}},{"start":{},"end":{}}],"line":18},"1":{"loc":{"start":{"line":22,"column":2},"end":{"line":23,"column":null}},"type":"if","locations":[{"start":{"line":22,"column":2},"end":{"line":23,"column":null}},{"start":{},"end":{}}],"line":22},"2":{"loc":{"start":{"line":32,"column":2},"end":{"line":33,"column":null}},"type":"if","locations":[{"start":{"line":32,"column":2},"end":{"line":33,"column":null}},{"start":{},"end":{}}],"line":32},"3":{"loc":{"start":{"line":36,"column":2},"end":{"line":37,"column":null}},"type":"if","locations":[{"start":{"line":36,"column":2},"end":{"line":37,"column":null}},{"start":{},"end":{}}],"line":36}},"s":{"0":10,"1":9,"2":9,"3":3,"4":6,"5":2,"6":4,"7":21,"8":21,"9":7,"10":14,"11":1,"12":13},"f":{"0":10,"1":9,"2":21},"b":{"0":[3,6],"1":[2,4],"2":[7,14],"3":[1,13]},"meta":{"lastBranch":4,"lastFunction":3,"lastStatement":13,"seen":{"f:7:9:7:25":0,"s:8:2:11:Infinity":0,"f:15:16:15:27":1,"s:16:21:16:52":1,"b:18:2:19:Infinity:undefined:undefined:undefined:undefined":0,"s:18:2:19:Infinity":2,"s:19:4:19:Infinity":3,"b:22:2:23:Infinity:undefined:undefined:undefined:undefined":1,"s:22:2:23:Infinity":4,"s:23:4:23:Infinity":5,"s:26:2:26:Infinity":6,"f:29:16:29:34":2,"s:30:50:30:77":7,"b:32:2:33:Infinity:undefined:undefined:undefined:undefined":2,"s:32:2:33:Infinity":8,"s:33:4:33:Infinity":9,"b:36:2:37:Infinity:undefined:undefined:undefined:undefined":3,"s:36:2:37:Infinity":10,"s:37:4:37:Infinity":11,"s:40:2:43:Infinity":12}}}
,"/Users/kaperrine_dog/projects/corolab/school/graduation-works/study-sprint-board-supabase/src/features/core/app-context-shared.ts": {"path":"/Users/kaperrine_dog/projects/corolab/school/graduation-works/study-sprint-board-supabase/src/features/core/app-context-shared.ts","statementMap":{"0":{"start":{"line":38,"column":39},"end":{"line":43,"column":null}},"1":{"start":{"line":45,"column":13},"end":{"line":45,"column":79}}},"fnMap":{},"branchMap":{},"s":{"0":2,"1":2},"f":{},"b":{},"meta":{"lastBranch":0,"lastFunction":0,"lastStatement":2,"seen":{"s:38:39:43:Infinity":0,"s:45:13:45:79":1}}}
,"/Users/kaperrine_dog/projects/corolab/school/graduation-works/study-sprint-board-supabase/src/features/core/app-context.tsx": {"path":"/Users/kaperrine_dog/projects/corolab/school/graduation-works/study-sprint-board-supabase/src/features/core/app-context.tsx","statementMap":{"0":{"start":{"line":32,"column":2},"end":{"line":33,"column":null}},"1":{"start":{"line":33,"column":4},"end":{"line":33,"column":null}},"2":{"start":{"line":36,"column":2},"end":{"line":36,"column":null}},"3":{"start":{"line":43,"column":16},"end":{"line":43,"column":61}},"4":{"start":{"line":44,"column":24},"end":{"line":44,"column":73}},"5":{"start":{"line":45,"column":20},"end":{"line":45,"column":50}},"6":{"start":{"line":47,"column":8},"end":{"line":51,"column":18}},"7":{"start":{"line":48,"column":21},"end":{"line":48,"column":50}},"8":{"start":{"line":49,"column":4},"end":{"line":49,"column":null}},"9":{"start":{"line":50,"column":4},"end":{"line":50,"column":null}},"10":{"start":{"line":53,"column":2},"end":{"line":70,"column":null}},"11":{"start":{"line":54,"column":18},"end":{"line":54,"column":null}},"12":{"start":{"line":56,"column":4},"end":{"line":65,"column":null}},"13":{"start":{"line":57,"column":6},"end":{"line":57,"column":null}},"14":{"start":{"line":58,"column":23},"end":{"line":58,"column":52}},"15":{"start":{"line":60,"column":6},"end":{"line":63,"column":null}},"16":{"start":{"line":61,"column":8},"end":{"line":61,"column":null}},"17":{"start":{"line":62,"column":8},"end":{"line":62,"column":null}},"18":{"start":{"line":63,"column":8},"end":{"line":63,"column":null}},"19":{"start":{"line":67,"column":4},"end":{"line":68,"column":null}},"20":{"start":{"line":68,"column":6},"end":{"line":68,"column":null}},"21":{"start":{"line":72,"column":8},"end":{"line":74,"column":null}},"22":{"start":{"line":73,"column":10},"end":{"line":73,"column":null}},"23":{"start":{"line":73,"column":37},"end":{"line":73,"column":63}},"24":{"start":{"line":76,"column":8},"end":{"line":76,"column":62}},"25":{"start":{"line":76,"column":16},"end":{"line":76,"column":52}},"26":{"start":{"line":77,"column":8},"end":{"line":79,"column":null}},"27":{"start":{"line":78,"column":11},"end":{"line":78,"column":null}},"28":{"start":{"line":82,"column":8},"end":{"line":103,"column":null}},"29":{"start":{"line":84,"column":21},"end":{"line":84,"column":51}},"30":{"start":{"line":86,"column":6},"end":{"line":87,"column":null}},"31":{"start":{"line":87,"column":8},"end":{"line":87,"column":null}},"32":{"start":{"line":90,"column":6},"end":{"line":100,"column":null}},"33":{"start":{"line":91,"column":23},"end":{"line":91,"column":59}},"34":{"start":{"line":93,"column":8},"end":{"line":94,"column":null}},"35":{"start":{"line":94,"column":10},"end":{"line":94,"column":null}},"36":{"start":{"line":97,"column":8},"end":{"line":97,"column":null}},"37":{"start":{"line":98,"column":8},"end":{"line":98,"column":null}},"38":{"start":{"line":100,"column":8},"end":{"line":100,"column":null}},"39":{"start":{"line":106,"column":8},"end":{"line":109,"column":27}},"40":{"start":{"line":107,"column":4},"end":{"line":107,"column":null}},"41":{"start":{"line":108,"column":4},"end":{"line":108,"column":null}},"42":{"start":{"line":111,"column":8},"end":{"line":131,"column":null}},"43":{"start":{"line":113,"column":21},"end":{"line":113,"column":53}},"44":{"start":{"line":115,"column":6},"end":{"line":116,"column":null}},"45":{"start":{"line":116,"column":8},"end":{"line":116,"column":null}},"46":{"start":{"line":119,"column":6},"end":{"line":120,"column":null}},"47":{"start":{"line":120,"column":8},"end":{"line":120,"column":null}},"48":{"start":{"line":123,"column":6},"end":{"line":128,"column":null}},"49":{"start":{"line":124,"column":8},"end":{"line":124,"column":null}},"50":{"start":{"line":125,"column":8},"end":{"line":125,"column":null}},"51":{"start":{"line":126,"column":8},"end":{"line":126,"column":null}},"52":{"start":{"line":128,"column":8},"end":{"line":128,"column":null}},"53":{"start":{"line":134,"column":8},"end":{"line":150,"column":null}},"54":{"start":{"line":136,"column":21},"end":{"line":136,"column":53}},"55":{"start":{"line":138,"column":6},"end":{"line":139,"column":null}},"56":{"start":{"line":139,"column":8},"end":{"line":139,"column":null}},"57":{"start":{"line":142,"column":6},"end":{"line":147,"column":null}},"58":{"start":{"line":143,"column":8},"end":{"line":143,"column":null}},"59":{"start":{"line":144,"column":8},"end":{"line":144,"column":null}},"60":{"start":{"line":145,"column":8},"end":{"line":145,"column":null}},"61":{"start":{"line":147,"column":8},"end":{"line":147,"column":null}},"62":{"start":{"line":153,"column":8},"end":{"line":173,"column":null}},"63":{"start":{"line":155,"column":21},"end":{"line":155,"column":52}},"64":{"start":{"line":157,"column":6},"end":{"line":158,"column":null}},"65":{"start":{"line":158,"column":8},"end":{"line":158,"column":null}},"66":{"start":{"line":161,"column":6},"end":{"line":162,"column":null}},"67":{"start":{"line":162,"column":8},"end":{"line":162,"column":null}},"68":{"start":{"line":165,"column":6},"end":{"line":170,"column":null}},"69":{"start":{"line":166,"column":8},"end":{"line":166,"column":null}},"70":{"start":{"line":167,"column":8},"end":{"line":167,"column":null}},"71":{"start":{"line":168,"column":8},"end":{"line":168,"column":null}},"72":{"start":{"line":170,"column":8},"end":{"line":170,"column":null}},"73":{"start":{"line":176,"column":8},"end":{"line":207,"column":null}},"74":{"start":{"line":177,"column":11},"end":{"line":193,"column":null}},"75":{"start":{"line":191,"column":8},"end":{"line":191,"column":null}},"76":{"start":{"line":191,"column":36},"end":{"line":191,"column":55}},"77":{"start":{"line":210,"column":2},"end":{"line":210,"column":null}}},"fnMap":{"0":{"name":"toErrorMessage","decl":{"start":{"line":31,"column":9},"end":{"line":31,"column":24}},"loc":{"start":{"line":31,"column":48},"end":{"line":36,"column":null}},"line":31},"1":{"name":"AppProvider","decl":{"start":{"line":39,"column":16},"end":{"line":39,"column":28}},"loc":{"start":{"line":42,"column":55},"end":{"line":210,"column":null}},"line":42},"2":{"name":"(anonymous_2)","decl":{"start":{"line":47,"column":30},"end":{"line":47,"column":42}},"loc":{"start":{"line":47,"column":42},"end":{"line":51,"column":6}},"line":47},"3":{"name":"(anonymous_3)","decl":{"start":{"line":53,"column":2},"end":{"line":53,"column":18}},"loc":{"start":{"line":53,"column":18},"end":{"line":70,"column":6}},"line":53},"4":{"name":"(anonymous_4)","decl":{"start":{"line":56,"column":10},"end":{"line":56,"column":22}},"loc":{"start":{"line":56,"column":22},"end":{"line":65,"column":null}},"line":56},"5":{"name":"(anonymous_5)","decl":{"start":{"line":67,"column":4},"end":{"line":67,"column":17}},"loc":{"start":{"line":67,"column":17},"end":{"line":68,"column":null}},"line":67},"6":{"name":"(anonymous_6)","decl":{"start":{"line":72,"column":22},"end":{"line":72,"column":null}},"loc":{"start":{"line":73,"column":10},"end":{"line":73,"column":null}},"line":73},"7":{"name":"(anonymous_7)","decl":{"start":{"line":73,"column":22},"end":{"line":73,"column":28}},"loc":{"start":{"line":73,"column":37},"end":{"line":73,"column":63}},"line":73},"8":{"name":"(anonymous_8)","decl":{"start":{"line":76,"column":16},"end":{"line":76,"column":30}},"loc":{"start":{"line":76,"column":16},"end":{"line":76,"column":52}},"line":76},"9":{"name":"(anonymous_9)","decl":{"start":{"line":77,"column":18},"end":{"line":77,"column":null}},"loc":{"start":{"line":78,"column":11},"end":{"line":78,"column":null}},"line":78},"10":{"name":"(anonymous_10)","decl":{"start":{"line":83,"column":4},"end":{"line":83,"column":11}},"loc":{"start":{"line":83,"column":59},"end":{"line":103,"column":5}},"line":83},"11":{"name":"(anonymous_11)","decl":{"start":{"line":106,"column":30},"end":{"line":106,"column":42}},"loc":{"start":{"line":106,"column":42},"end":{"line":109,"column":6}},"line":106},"12":{"name":"(anonymous_12)","decl":{"start":{"line":112,"column":4},"end":{"line":112,"column":11}},"loc":{"start":{"line":112,"column":61},"end":{"line":131,"column":5}},"line":112},"13":{"name":"(anonymous_13)","decl":{"start":{"line":135,"column":4},"end":{"line":135,"column":11}},"loc":{"start":{"line":135,"column":77},"end":{"line":150,"column":5}},"line":135},"14":{"name":"(anonymous_14)","decl":{"start":{"line":154,"column":4},"end":{"line":154,"column":11}},"loc":{"start":{"line":154,"column":76},"end":{"line":173,"column":5}},"line":154},"15":{"name":"(anonymous_15)","decl":{"start":{"line":176,"column":16},"end":{"line":176,"column":null}},"loc":{"start":{"line":177,"column":11},"end":{"line":193,"column":null}},"line":177},"16":{"name":"(anonymous_16)","decl":{"start":{"line":190,"column":6},"end":{"line":190,"column":14}},"loc":{"start":{"line":190,"column":22},"end":{"line":191,"column":null}},"line":190},"17":{"name":"(anonymous_17)","decl":{"start":{"line":191,"column":21},"end":{"line":191,"column":27}},"loc":{"start":{"line":191,"column":36},"end":{"line":191,"column":55}},"line":191}},"branchMap":{"0":{"loc":{"start":{"line":32,"column":2},"end":{"line":33,"column":null}},"type":"if","locations":[{"start":{"line":32,"column":2},"end":{"line":33,"column":null}},{"start":{},"end":{}}],"line":32},"1":{"loc":{"start":{"line":60,"column":6},"end":{"line":63,"column":null}},"type":"if","locations":[{"start":{"line":60,"column":6},"end":{"line":63,"column":null}},{"start":{},"end":{}}],"line":60},"2":{"loc":{"start":{"line":73,"column":10},"end":{"line":73,"column":null}},"type":"binary-expr","locations":[{"start":{"line":73,"column":10},"end":{"line":73,"column":63}},{"start":{"line":73,"column":67},"end":{"line":73,"column":null}}],"line":73},"3":{"loc":{"start":{"line":78,"column":11},"end":{"line":78,"column":null}},"type":"cond-expr","locations":[{"start":{"line":78,"column":11},"end":{"line":78,"column":69}},{"start":{"line":78,"column":72},"end":{"line":78,"column":null}}],"line":78},"4":{"loc":{"start":{"line":86,"column":6},"end":{"line":87,"column":null}},"type":"if","locations":[{"start":{"line":86,"column":6},"end":{"line":87,"column":null}},{"start":{},"end":{}}],"line":86},"5":{"loc":{"start":{"line":93,"column":8},"end":{"line":94,"column":null}},"type":"if","locations":[{"start":{"line":93,"column":8},"end":{"line":94,"column":null}},{"start":{},"end":{}}],"line":93},"6":{"loc":{"start":{"line":115,"column":6},"end":{"line":116,"column":null}},"type":"if","locations":[{"start":{"line":115,"column":6},"end":{"line":116,"column":null}},{"start":{},"end":{}}],"line":115},"7":{"loc":{"start":{"line":119,"column":6},"end":{"line":120,"column":null}},"type":"if","locations":[{"start":{"line":119,"column":6},"end":{"line":120,"column":null}},{"start":{},"end":{}}],"line":119},"8":{"loc":{"start":{"line":138,"column":6},"end":{"line":139,"column":null}},"type":"if","locations":[{"start":{"line":138,"column":6},"end":{"line":139,"column":null}},{"start":{},"end":{}}],"line":138},"9":{"loc":{"start":{"line":157,"column":6},"end":{"line":158,"column":null}},"type":"if","locations":[{"start":{"line":157,"column":6},"end":{"line":158,"column":null}},{"start":{},"end":{}}],"line":157},"10":{"loc":{"start":{"line":161,"column":6},"end":{"line":162,"column":null}},"type":"if","locations":[{"start":{"line":161,"column":6},"end":{"line":162,"column":null}},{"start":{},"end":{}}],"line":161}},"s":{"0":0,"1":0,"2":0,"3":32,"4":32,"5":32,"6":32,"7":5,"8":5,"9":5,"10":32,"11":15,"12":15,"13":15,"14":15,"15":12,"16":12,"17":12,"18":12,"19":15,"20":15,"21":32,"22":32,"23":24,"24":32,"25":32,"26":32,"27":32,"28":32,"29":1,"30":1,"31":0,"32":1,"33":1,"34":1,"35":0,"36":1,"37":1,"38":0,"39":32,"40":1,"41":1,"42":32,"43":2,"44":2,"45":1,"46":1,"47":0,"48":1,"49":1,"50":1,"51":1,"52":0,"53":32,"54":1,"55":1,"56":0,"57":1,"58":1,"59":1,"60":1,"61":0,"62":32,"63":1,"64":1,"65":0,"66":1,"67":0,"68":1,"69":1,"70":1,"71":1,"72":0,"73":32,"74":32,"75":18,"76":30,"77":32},"f":{"0":0,"1":32,"2":5,"3":15,"4":15,"5":15,"6":32,"7":24,"8":32,"9":32,"10":1,"11":1,"12":2,"13":1,"14":1,"15":32,"16":18,"17":30},"b":{"0":[0,0],"1":[12,0],"2":[32,18],"3":[14,18],"4":[0,1],"5":[0,1],"6":[1,1],"7":[0,1],"8":[0,1],"9":[0,1],"10":[0,1]},"meta":{"lastBranch":11,"lastFunction":18,"lastStatement":78,"seen":{"f:31:9:31:24":0,"b:32:2:33:Infinity:undefined:undefined:undefined:undefined":0,"s:32:2:33:Infinity":0,"s:33:4:33:Infinity":1,"s:36:2:36:Infinity":2,"f:39:16:39:28":1,"s:43:16:43:61":3,"s:44:24:44:73":4,"s:45:20:45:50":5,"s:47:8:51:18":6,"f:47:30:47:42":2,"s:48:21:48:50":7,"s:49:4:49:Infinity":8,"s:50:4:50:Infinity":9,"s:53:2:70:Infinity":10,"f:53:2:53:18":3,"s:54:18:54:Infinity":11,"s:56:4:65:Infinity":12,"f:56:10:56:22":4,"s:57:6:57:Infinity":13,"s:58:23:58:52":14,"b:60:6:63:Infinity:undefined:undefined:undefined:undefined":1,"s:60:6:63:Infinity":15,"s:61:8:61:Infinity":16,"s:62:8:62:Infinity":17,"s:63:8:63:Infinity":18,"s:67:4:68:Infinity":19,"f:67:4:67:17":5,"s:68:6:68:Infinity":20,"s:72:8:74:Infinity":21,"f:72:22:72:Infinity":6,"s:73:10:73:Infinity":22,"b:73:10:73:63:73:67:73:Infinity":2,"f:73:22:73:28":7,"s:73:37:73:63":23,"s:76:8:76:62":24,"f:76:16:76:30":8,"s:76:16:76:52":25,"s:77:8:79:Infinity":26,"f:77:18:77:Infinity":9,"s:78:11:78:Infinity":27,"b:78:11:78:69:78:72:78:Infinity":3,"s:82:8:103:Infinity":28,"f:83:4:83:11":10,"s:84:21:84:51":29,"b:86:6:87:Infinity:undefined:undefined:undefined:undefined":4,"s:86:6:87:Infinity":30,"s:87:8:87:Infinity":31,"s:90:6:100:Infinity":32,"s:91:23:91:59":33,"b:93:8:94:Infinity:undefined:undefined:undefined:undefined":5,"s:93:8:94:Infinity":34,"s:94:10:94:Infinity":35,"s:97:8:97:Infinity":36,"s:98:8:98:Infinity":37,"s:100:8:100:Infinity":38,"s:106:8:109:27":39,"f:106:30:106:42":11,"s:107:4:107:Infinity":40,"s:108:4:108:Infinity":41,"s:111:8:131:Infinity":42,"f:112:4:112:11":12,"s:113:21:113:53":43,"b:115:6:116:Infinity:undefined:undefined:undefined:undefined":6,"s:115:6:116:Infinity":44,"s:116:8:116:Infinity":45,"b:119:6:120:Infinity:undefined:undefined:undefined:undefined":7,"s:119:6:120:Infinity":46,"s:120:8:120:Infinity":47,"s:123:6:128:Infinity":48,"s:124:8:124:Infinity":49,"s:125:8:125:Infinity":50,"s:126:8:126:Infinity":51,"s:128:8:128:Infinity":52,"s:134:8:150:Infinity":53,"f:135:4:135:11":13,"s:136:21:136:53":54,"b:138:6:139:Infinity:undefined:undefined:undefined:undefined":8,"s:138:6:139:Infinity":55,"s:139:8:139:Infinity":56,"s:142:6:147:Infinity":57,"s:143:8:143:Infinity":58,"s:144:8:144:Infinity":59,"s:145:8:145:Infinity":60,"s:147:8:147:Infinity":61,"s:153:8:173:Infinity":62,"f:154:4:154:11":14,"s:155:21:155:52":63,"b:157:6:158:Infinity:undefined:undefined:undefined:undefined":9,"s:157:6:158:Infinity":64,"s:158:8:158:Infinity":65,"b:161:6:162:Infinity:undefined:undefined:undefined:undefined":10,"s:161:6:162:Infinity":66,"s:162:8:162:Infinity":67,"s:165:6:170:Infinity":68,"s:166:8:166:Infinity":69,"s:167:8:167:Infinity":70,"s:168:8:168:Infinity":71,"s:170:8:170:Infinity":72,"s:176:8:207:Infinity":73,"f:176:16:176:Infinity":15,"s:177:11:193:Infinity":74,"f:190:6:190:14":16,"s:191:8:191:Infinity":75,"f:191:21:191:27":17,"s:191:36:191:55":76,"s:210:2:210:Infinity":77}}}
,"/Users/kaperrine_dog/projects/corolab/school/graduation-works/study-sprint-board-supabase/src/features/core/board-model.ts": {"path":"/Users/kaperrine_dog/projects/corolab/school/graduation-works/study-sprint-board-supabase/src/features/core/board-model.ts","statementMap":{"0":{"start":{"line":1,"column":29},"end":{"line":1,"column":null}},"1":{"start":{"line":2,"column":31},"end":{"line":2,"column":null}},"2":{"start":{"line":3,"column":26},"end":{"line":3,"column":43}},"3":{"start":{"line":135,"column":29},"end":{"line":157,"column":null}},"4":{"start":{"line":159,"column":67},"end":{"line":159,"column":null}},"5":{"start":{"line":161,"column":50},"end":{"line":177,"column":null}},"6":{"start":{"line":179,"column":15},"end":{"line":185,"column":null}},"7":{"start":{"line":187,"column":80},"end":{"line":187,"column":null}},"8":{"start":{"line":201,"column":5},"end":{"line":332,"column":null}},"9":{"start":{"line":340,"column":5},"end":{"line":362,"column":null}},"10":{"start":{"line":365,"column":2},"end":{"line":365,"column":null}},"11":{"start":{"line":369,"column":2},"end":{"line":369,"column":null}},"12":{"start":{"line":373,"column":2},"end":{"line":373,"column":null}},"13":{"start":{"line":377,"column":16},"end":{"line":382,"column":5}},"14":{"start":{"line":377,"column":48},"end":{"line":382,"column":5}},"15":{"start":{"line":383,"column":17},"end":{"line":383,"column":54}},"16":{"start":{"line":383,"column":40},"end":{"line":383,"column":52}},"17":{"start":{"line":384,"column":16},"end":{"line":396,"column":5}},"18":{"start":{"line":384,"column":47},"end":{"line":396,"column":5}},"19":{"start":{"line":397,"column":19},"end":{"line":403,"column":5}},"20":{"start":{"line":397,"column":56},"end":{"line":403,"column":5}},"21":{"start":{"line":405,"column":2},"end":{"line":405,"column":null}},"22":{"start":{"line":409,"column":2},"end":{"line":409,"column":null}},"23":{"start":{"line":413,"column":15},"end":{"line":413,"column":71}},"24":{"start":{"line":413,"column":47},"end":{"line":413,"column":71}},"25":{"start":{"line":415,"column":2},"end":{"line":416,"column":null}},"26":{"start":{"line":416,"column":4},"end":{"line":416,"column":null}},"27":{"start":{"line":419,"column":2},"end":{"line":419,"column":null}},"28":{"start":{"line":423,"column":2},"end":{"line":435,"column":null}},"29":{"start":{"line":427,"column":43},"end":{"line":427,"column":75}},"30":{"start":{"line":429,"column":27},"end":{"line":429,"column":54}},"31":{"start":{"line":430,"column":29},"end":{"line":430,"column":74}},"32":{"start":{"line":431,"column":25},"end":{"line":434,"column":null}},"33":{"start":{"line":439,"column":2},"end":{"line":441,"column":null}},"34":{"start":{"line":440,"column":27},"end":{"line":440,"column":72}},"35":{"start":{"line":441,"column":19},"end":{"line":441,"column":46}},"36":{"start":{"line":451,"column":2},"end":{"line":461,"column":null}},"37":{"start":{"line":455,"column":38},"end":{"line":460,"column":null}},"38":{"start":{"line":458,"column":31},"end":{"line":458,"column":60}},"39":{"start":{"line":459,"column":28},"end":{"line":459,"column":null}},"40":{"start":{"line":465,"column":16},"end":{"line":465,"column":38}},"41":{"start":{"line":466,"column":16},"end":{"line":466,"column":53}},"42":{"start":{"line":467,"column":18},"end":{"line":469,"column":null}},"43":{"start":{"line":469,"column":6},"end":{"line":469,"column":null}},"44":{"start":{"line":472,"column":2},"end":{"line":482,"column":null}},"45":{"start":{"line":473,"column":41},"end":{"line":473,"column":75}},"46":{"start":{"line":475,"column":35},"end":{"line":475,"column":58}},"47":{"start":{"line":476,"column":42},"end":{"line":476,"column":72}},"48":{"start":{"line":477,"column":40},"end":{"line":477,"column":68}},"49":{"start":{"line":478,"column":35},"end":{"line":478,"column":58}},"50":{"start":{"line":480,"column":43},"end":{"line":480,"column":84}},"51":{"start":{"line":486,"column":2},"end":{"line":486,"column":null}},"52":{"start":{"line":495,"column":27},"end":{"line":507,"column":null}},"53":{"start":{"line":509,"column":2},"end":{"line":512,"column":null}},"54":{"start":{"line":521,"column":17},"end":{"line":521,"column":63}},"55":{"start":{"line":521,"column":44},"end":{"line":521,"column":63}},"56":{"start":{"line":523,"column":2},"end":{"line":524,"column":null}},"57":{"start":{"line":524,"column":4},"end":{"line":524,"column":null}},"58":{"start":{"line":527,"column":2},"end":{"line":544,"column":null}},"59":{"start":{"line":530,"column":6},"end":{"line":542,"column":null}},"60":{"start":{"line":554,"column":15},"end":{"line":554,"column":71}},"61":{"start":{"line":554,"column":47},"end":{"line":554,"column":71}},"62":{"start":{"line":556,"column":2},"end":{"line":557,"column":null}},"63":{"start":{"line":557,"column":4},"end":{"line":557,"column":null}},"64":{"start":{"line":560,"column":33},"end":{"line":566,"column":null}},"65":{"start":{"line":568,"column":2},"end":{"line":579,"column":null}},"66":{"start":{"line":571,"column":6},"end":{"line":576,"column":null}},"67":{"start":{"line":583,"column":2},"end":{"line":588,"column":null}},"68":{"start":{"line":592,"column":2},"end":{"line":597,"column":null}}},"fnMap":{"0":{"name":"addHours","decl":{"start":{"line":364,"column":9},"end":{"line":364,"column":18}},"loc":{"start":{"line":364,"column":51},"end":{"line":365,"column":null}},"line":364},"1":{"name":"addDays","decl":{"start":{"line":368,"column":9},"end":{"line":368,"column":17}},"loc":{"start":{"line":368,"column":49},"end":{"line":369,"column":null}},"line":368},"2":{"name":"toDateOnly","decl":{"start":{"line":372,"column":9},"end":{"line":372,"column":20}},"loc":{"start":{"line":372,"column":40},"end":{"line":373,"column":null}},"line":372},"3":{"name":"createSeedState","decl":{"start":{"line":376,"column":16},"end":{"line":376,"column":32}},"loc":{"start":{"line":376,"column":67},"end":{"line":405,"column":null}},"line":376},"4":{"name":"(anonymous_4)","decl":{"start":{"line":377,"column":30},"end":{"line":377,"column":35}},"loc":{"start":{"line":377,"column":48},"end":{"line":382,"column":5}},"line":377},"5":{"name":"(anonymous_5)","decl":{"start":{"line":383,"column":24},"end":{"line":383,"column":29}},"loc":{"start":{"line":383,"column":40},"end":{"line":383,"column":52}},"line":383},"6":{"name":"(anonymous_6)","decl":{"start":{"line":384,"column":32},"end":{"line":384,"column":37}},"loc":{"start":{"line":384,"column":47},"end":{"line":396,"column":5}},"line":384},"7":{"name":"(anonymous_7)","decl":{"start":{"line":397,"column":38},"end":{"line":397,"column":43}},"loc":{"start":{"line":397,"column":56},"end":{"line":403,"column":5}},"line":397},"8":{"name":"cloneBoardState","decl":{"start":{"line":408,"column":16},"end":{"line":408,"column":32}},"loc":{"start":{"line":408,"column":63},"end":{"line":409,"column":null}},"line":408},"9":{"name":"findUser","decl":{"start":{"line":412,"column":16},"end":{"line":412,"column":25}},"loc":{"start":{"line":412,"column":69},"end":{"line":419,"column":null}},"line":412},"10":{"name":"(anonymous_10)","decl":{"start":{"line":413,"column":27},"end":{"line":413,"column":33}},"loc":{"start":{"line":413,"column":47},"end":{"line":413,"column":71}},"line":413},"11":{"name":"createTaskView","decl":{"start":{"line":422,"column":16},"end":{"line":422,"column":31}},"loc":{"start":{"line":422,"column":75},"end":{"line":435,"column":null}},"line":422},"12":{"name":"(anonymous_12)","decl":{"start":{"line":427,"column":25},"end":{"line":427,"column":33}},"loc":{"start":{"line":427,"column":43},"end":{"line":427,"column":75}},"line":427},"13":{"name":"(anonymous_13)","decl":{"start":{"line":429,"column":7},"end":{"line":429,"column":15}},"loc":{"start":{"line":429,"column":27},"end":{"line":429,"column":54}},"line":429},"14":{"name":"(anonymous_14)","decl":{"start":{"line":430,"column":7},"end":{"line":430,"column":13}},"loc":{"start":{"line":430,"column":29},"end":{"line":430,"column":74}},"line":430},"15":{"name":"(anonymous_15)","decl":{"start":{"line":431,"column":7},"end":{"line":431,"column":12}},"loc":{"start":{"line":431,"column":25},"end":{"line":434,"column":null}},"line":431},"16":{"name":"createTaskViews","decl":{"start":{"line":438,"column":16},"end":{"line":438,"column":32}},"loc":{"start":{"line":438,"column":63},"end":{"line":441,"column":null}},"line":438},"17":{"name":"(anonymous_17)","decl":{"start":{"line":440,"column":5},"end":{"line":440,"column":11}},"loc":{"start":{"line":440,"column":27},"end":{"line":440,"column":72}},"line":440},"18":{"name":"(anonymous_18)","decl":{"start":{"line":441,"column":5},"end":{"line":441,"column":10}},"loc":{"start":{"line":441,"column":19},"end":{"line":441,"column":46}},"line":441},"19":{"name":"createBoardStateFromRelations","decl":{"start":{"line":444,"column":16},"end":{"line":444,"column":46}},"loc":{"start":{"line":450,"column":15},"end":{"line":461,"column":null}},"line":450},"20":{"name":"(anonymous_20)","decl":{"start":{"line":455,"column":23},"end":{"line":455,"column":28}},"loc":{"start":{"line":455,"column":38},"end":{"line":460,"column":null}},"line":455},"21":{"name":"(anonymous_21)","decl":{"start":{"line":458,"column":9},"end":{"line":458,"column":17}},"loc":{"start":{"line":458,"column":31},"end":{"line":458,"column":60}},"line":458},"22":{"name":"(anonymous_22)","decl":{"start":{"line":459,"column":9},"end":{"line":459,"column":14}},"loc":{"start":{"line":459,"column":28},"end":{"line":459,"column":null}},"line":459},"23":{"name":"buildDashboardSummary","decl":{"start":{"line":464,"column":16},"end":{"line":464,"column":38}},"loc":{"start":{"line":464,"column":98},"end":{"line":482,"column":null}},"line":464},"24":{"name":"(anonymous_24)","decl":{"start":{"line":467,"column":24},"end":{"line":467,"column":null}},"loc":{"start":{"line":469,"column":6},"end":{"line":469,"column":null}},"line":469},"25":{"name":"(anonymous_25)","decl":{"start":{"line":473,"column":24},"end":{"line":473,"column":32}},"loc":{"start":{"line":473,"column":41},"end":{"line":473,"column":75}},"line":473},"26":{"name":"(anonymous_26)","decl":{"start":{"line":475,"column":18},"end":{"line":475,"column":26}},"loc":{"start":{"line":475,"column":35},"end":{"line":475,"column":58}},"line":475},"27":{"name":"(anonymous_27)","decl":{"start":{"line":476,"column":25},"end":{"line":476,"column":33}},"loc":{"start":{"line":476,"column":42},"end":{"line":476,"column":72}},"line":476},"28":{"name":"(anonymous_28)","decl":{"start":{"line":477,"column":23},"end":{"line":477,"column":31}},"loc":{"start":{"line":477,"column":40},"end":{"line":477,"column":68}},"line":477},"29":{"name":"(anonymous_29)","decl":{"start":{"line":478,"column":18},"end":{"line":478,"column":26}},"loc":{"start":{"line":478,"column":35},"end":{"line":478,"column":58}},"line":478},"30":{"name":"(anonymous_30)","decl":{"start":{"line":480,"column":21},"end":{"line":480,"column":27}},"loc":{"start":{"line":480,"column":43},"end":{"line":480,"column":84}},"line":480},"31":{"name":"uniqueLabelIds","decl":{"start":{"line":485,"column":9},"end":{"line":485,"column":24}},"loc":{"start":{"line":485,"column":54},"end":{"line":486,"column":null}},"line":485},"32":{"name":"applyCreateTask","decl":{"start":{"line":489,"column":16},"end":{"line":489,"column":null}},"loc":{"start":{"line":494,"column":14},"end":{"line":512,"column":null}},"line":494},"33":{"name":"applyUpdateTask","decl":{"start":{"line":515,"column":16},"end":{"line":515,"column":null}},"loc":{"start":{"line":520,"column":14},"end":{"line":544,"column":null}},"line":520},"34":{"name":"(anonymous_34)","decl":{"start":{"line":521,"column":29},"end":{"line":521,"column":35}},"loc":{"start":{"line":521,"column":44},"end":{"line":521,"column":63}},"line":521},"35":{"name":"(anonymous_35)","decl":{"start":{"line":529,"column":23},"end":{"line":529,"column":28}},"loc":{"start":{"line":530,"column":6},"end":{"line":542,"column":null}},"line":530},"36":{"name":"applyCreateComment","decl":{"start":{"line":547,"column":16},"end":{"line":547,"column":null}},"loc":{"start":{"line":553,"column":14},"end":{"line":579,"column":null}},"line":553},"37":{"name":"(anonymous_37)","decl":{"start":{"line":554,"column":27},"end":{"line":554,"column":33}},"loc":{"start":{"line":554,"column":47},"end":{"line":554,"column":71}},"line":554},"38":{"name":"(anonymous_38)","decl":{"start":{"line":570,"column":23},"end":{"line":570,"column":28}},"loc":{"start":{"line":571,"column":6},"end":{"line":576,"column":null}},"line":571},"39":{"name":"formatStatus","decl":{"start":{"line":582,"column":16},"end":{"line":582,"column":29}},"loc":{"start":{"line":582,"column":57},"end":{"line":588,"column":null}},"line":582},"40":{"name":"formatPriority","decl":{"start":{"line":591,"column":16},"end":{"line":591,"column":31}},"loc":{"start":{"line":591,"column":63},"end":{"line":597,"column":null}},"line":591}},"branchMap":{"0":{"loc":{"start":{"line":376,"column":32},"end":{"line":376,"column":53}},"type":"default-arg","locations":[{"start":{"line":376,"column":43},"end":{"line":376,"column":53}}],"line":376},"1":{"loc":{"start":{"line":390,"column":13},"end":{"line":390,"column":91}},"type":"cond-expr","locations":[{"start":{"line":390,"column":39},"end":{"line":390,"column":46}},{"start":{"line":390,"column":46},"end":{"line":390,"column":91}}],"line":390},"2":{"loc":{"start":{"line":415,"column":2},"end":{"line":416,"column":null}},"type":"if","locations":[{"start":{"line":415,"column":2},"end":{"line":416,"column":null}},{"start":{},"end":{}}],"line":415},"3":{"loc":{"start":{"line":425,"column":14},"end":{"line":425,"column":null}},"type":"cond-expr","locations":[{"start":{"line":425,"column":32},"end":{"line":425,"column":64}},{"start":{"line":425,"column":67},"end":{"line":425,"column":null}}],"line":425},"4":{"loc":{"start":{"line":469,"column":6},"end":{"line":469,"column":null}},"type":"binary-expr","locations":[{"start":{"line":469,"column":6},"end":{"line":469,"column":27}},{"start":{"line":469,"column":31},"end":{"line":469,"column":56}},{"start":{"line":469,"column":56},"end":{"line":469,"column":null}}],"line":469},"5":{"loc":{"start":{"line":493,"column":2},"end":{"line":493,"column":18}},"type":"default-arg","locations":[{"start":{"line":493,"column":8},"end":{"line":493,"column":18}}],"line":493},"6":{"loc":{"start":{"line":519,"column":2},"end":{"line":519,"column":18}},"type":"default-arg","locations":[{"start":{"line":519,"column":8},"end":{"line":519,"column":18}}],"line":519},"7":{"loc":{"start":{"line":523,"column":2},"end":{"line":524,"column":null}},"type":"if","locations":[{"start":{"line":523,"column":2},"end":{"line":524,"column":null}},{"start":{},"end":{}}],"line":523},"8":{"loc":{"start":{"line":530,"column":6},"end":{"line":542,"column":null}},"type":"cond-expr","locations":[{"start":{"line":531,"column":10},"end":{"line":541,"column":null}},{"start":{"line":542,"column":10},"end":{"line":542,"column":null}}],"line":530},"9":{"loc":{"start":{"line":552,"column":2},"end":{"line":552,"column":18}},"type":"default-arg","locations":[{"start":{"line":552,"column":8},"end":{"line":552,"column":18}}],"line":552},"10":{"loc":{"start":{"line":556,"column":2},"end":{"line":557,"column":null}},"type":"if","locations":[{"start":{"line":556,"column":2},"end":{"line":557,"column":null}},{"start":{},"end":{}}],"line":556},"11":{"loc":{"start":{"line":571,"column":6},"end":{"line":576,"column":null}},"type":"cond-expr","locations":[{"start":{"line":572,"column":10},"end":{"line":575,"column":null}},{"start":{"line":576,"column":10},"end":{"line":576,"column":null}}],"line":571}},"s":{"0":2,"1":2,"2":2,"3":2,"4":2,"5":2,"6":2,"7":2,"8":2,"9":2,"10":345,"11":135,"12":135,"13":15,"14":45,"15":15,"16":75,"17":15,"18":150,"19":15,"20":45,"21":15,"22":18,"23":1006,"24":1729,"25":1006,"26":0,"27":1006,"28":456,"29":2280,"30":1387,"31":2,"32":140,"33":46,"34":644,"35":292,"36":0,"37":0,"38":0,"39":0,"40":14,"41":14,"42":14,"43":131,"44":14,"45":131,"46":131,"47":131,"48":131,"49":131,"50":158,"51":2,"52":1,"53":1,"54":1,"55":1,"56":1,"57":0,"58":1,"59":10,"60":1,"61":1,"62":1,"63":0,"64":1,"65":1,"66":10,"67":469,"68":469},"f":{"0":345,"1":135,"2":135,"3":15,"4":45,"5":75,"6":150,"7":45,"8":18,"9":1006,"10":1729,"11":456,"12":2280,"13":1387,"14":2,"15":140,"16":46,"17":644,"18":292,"19":0,"20":0,"21":0,"22":0,"23":14,"24":131,"25":131,"26":131,"27":131,"28":131,"29":131,"30":158,"31":2,"32":1,"33":1,"34":1,"35":10,"36":1,"37":1,"38":10,"39":469,"40":469},"b":{"0":[15],"1":[15,135],"2":[0,1006],"3":[410,46],"4":[131,117,104],"5":[1],"6":[1],"7":[0,1],"8":[1,9],"9":[1],"10":[0,1],"11":[1,9]},"meta":{"lastBranch":12,"lastFunction":41,"lastStatement":69,"seen":{"s:1:29:1:Infinity":0,"s:2:31:2:Infinity":1,"s:3:26:3:43":2,"s:135:29:157:Infinity":3,"s:159:67:159:Infinity":4,"s:161:50:177:Infinity":5,"s:179:15:185:Infinity":6,"s:187:80:187:Infinity":7,"s:201:5:332:Infinity":8,"s:340:5:362:Infinity":9,"f:364:9:364:18":0,"s:365:2:365:Infinity":10,"f:368:9:368:17":1,"s:369:2:369:Infinity":11,"f:372:9:372:20":2,"s:373:2:373:Infinity":12,"f:376:16:376:32":3,"b:376:43:376:53":0,"s:377:16:382:5":13,"f:377:30:377:35":4,"s:377:48:382:5":14,"s:383:17:383:54":15,"f:383:24:383:29":5,"s:383:40:383:52":16,"s:384:16:396:5":17,"f:384:32:384:37":6,"s:384:47:396:5":18,"b:390:39:390:46:390:46:390:91":1,"s:397:19:403:5":19,"f:397:38:397:43":7,"s:397:56:403:5":20,"s:405:2:405:Infinity":21,"f:408:16:408:32":8,"s:409:2:409:Infinity":22,"f:412:16:412:25":9,"s:413:15:413:71":23,"f:413:27:413:33":10,"s:413:47:413:71":24,"b:415:2:416:Infinity:undefined:undefined:undefined:undefined":2,"s:415:2:416:Infinity":25,"s:416:4:416:Infinity":26,"s:419:2:419:Infinity":27,"f:422:16:422:31":11,"s:423:2:435:Infinity":28,"b:425:32:425:64:425:67:425:Infinity":3,"f:427:25:427:33":12,"s:427:43:427:75":29,"f:429:7:429:15":13,"s:429:27:429:54":30,"f:430:7:430:13":14,"s:430:29:430:74":31,"f:431:7:431:12":15,"s:431:25:434:Infinity":32,"f:438:16:438:32":16,"s:439:2:441:Infinity":33,"f:440:5:440:11":17,"s:440:27:440:72":34,"f:441:5:441:10":18,"s:441:19:441:46":35,"f:444:16:444:46":19,"s:451:2:461:Infinity":36,"f:455:23:455:28":20,"s:455:38:460:Infinity":37,"f:458:9:458:17":21,"s:458:31:458:60":38,"f:459:9:459:14":22,"s:459:28:459:Infinity":39,"f:464:16:464:38":23,"s:465:16:465:38":40,"s:466:16:466:53":41,"s:467:18:469:Infinity":42,"f:467:24:467:Infinity":24,"s:469:6:469:Infinity":43,"b:469:6:469:27:469:31:469:56:469:56:469:Infinity":4,"s:472:2:482:Infinity":44,"f:473:24:473:32":25,"s:473:41:473:75":45,"f:475:18:475:26":26,"s:475:35:475:58":46,"f:476:25:476:33":27,"s:476:42:476:72":47,"f:477:23:477:31":28,"s:477:40:477:68":48,"f:478:18:478:26":29,"s:478:35:478:58":49,"f:480:21:480:27":30,"s:480:43:480:84":50,"f:485:9:485:24":31,"s:486:2:486:Infinity":51,"f:489:16:489:Infinity":32,"b:493:8:493:18":5,"s:495:27:507:Infinity":52,"s:509:2:512:Infinity":53,"f:515:16:515:Infinity":33,"b:519:8:519:18":6,"s:521:17:521:63":54,"f:521:29:521:35":34,"s:521:44:521:63":55,"b:523:2:524:Infinity:undefined:undefined:undefined:undefined":7,"s:523:2:524:Infinity":56,"s:524:4:524:Infinity":57,"s:527:2:544:Infinity":58,"f:529:23:529:28":35,"s:530:6:542:Infinity":59,"b:531:10:541:Infinity:542:10:542:Infinity":8,"f:547:16:547:Infinity":36,"b:552:8:552:18":9,"s:554:15:554:71":60,"f:554:27:554:33":37,"s:554:47:554:71":61,"b:556:2:557:Infinity:undefined:undefined:undefined:undefined":10,"s:556:2:557:Infinity":62,"s:557:4:557:Infinity":63,"s:560:33:566:Infinity":64,"s:568:2:579:Infinity":65,"f:570:23:570:28":38,"s:571:6:576:Infinity":66,"b:572:10:575:Infinity:576:10:576:Infinity":11,"f:582:16:582:29":39,"s:583:2:588:Infinity":67,"f:591:16:591:31":40,"s:592:2:597:Infinity":68}}}
,"/Users/kaperrine_dog/projects/corolab/school/graduation-works/study-sprint-board-supabase/src/features/core/use-app-context.ts": {"path":"/Users/kaperrine_dog/projects/corolab/school/graduation-works/study-sprint-board-supabase/src/features/core/use-app-context.ts","statementMap":{"0":{"start":{"line":6,"column":8},"end":{"line":6,"column":40}},"1":{"start":{"line":8,"column":2},"end":{"line":9,"column":null}},"2":{"start":{"line":9,"column":4},"end":{"line":9,"column":null}},"3":{"start":{"line":12,"column":2},"end":{"line":12,"column":null}}},"fnMap":{"0":{"name":"useAppContext","decl":{"start":{"line":5,"column":16},"end":{"line":5,"column":32}},"loc":{"start":{"line":5,"column":32},"end":{"line":12,"column":null}},"line":5}},"branchMap":{"0":{"loc":{"start":{"line":8,"column":2},"end":{"line":9,"column":null}},"type":"if","locations":[{"start":{"line":8,"column":2},"end":{"line":9,"column":null}},{"start":{},"end":{}}],"line":8}},"s":{"0":145,"1":145,"2":2,"3":142},"f":{"0":145},"b":{"0":[2,143]},"meta":{"lastBranch":1,"lastFunction":1,"lastStatement":4,"seen":{"f:5:16:5:32":0,"s:6:8:6:40":0,"b:8:2:9:Infinity:undefined:undefined:undefined:undefined":0,"s:8:2:9:Infinity":1,"s:9:4:9:Infinity":2,"s:12:2:12:Infinity":3}}}
,"/Users/kaperrine_dog/projects/corolab/school/graduation-works/study-sprint-board-supabase/src/features/tasks/task-form-defaults.ts": {"path":"/Users/kaperrine_dog/projects/corolab/school/graduation-works/study-sprint-board-supabase/src/features/tasks/task-form-defaults.ts","statementMap":{"0":{"start":{"line":3,"column":56},"end":{"line":11,"column":null}}},"fnMap":{},"branchMap":{},"s":{"0":2},"f":{},"b":{},"meta":{"lastBranch":0,"lastFunction":0,"lastStatement":1,"seen":{"s:3:56:11:Infinity":0}}}
,"/Users/kaperrine_dog/projects/corolab/school/graduation-works/study-sprint-board-supabase/src/features/tasks/task-form.tsx": {"path":"/Users/kaperrine_dog/projects/corolab/school/graduation-works/study-sprint-board-supabase/src/features/tasks/task-form.tsx","statementMap":{"0":{"start":{"line":24,"column":17},"end":{"line":24,"column":69}},"1":{"start":{"line":25,"column":17},"end":{"line":25,"column":66}},"2":{"start":{"line":26,"column":18},"end":{"line":26,"column":61}},"3":{"start":{"line":27,"column":23},"end":{"line":27,"column":57}},"4":{"start":{"line":29,"column":2},"end":{"line":31,"column":null}},"5":{"start":{"line":30,"column":4},"end":{"line":30,"column":null}},"6":{"start":{"line":33,"column":8},"end":{"line":39,"column":null}},"7":{"start":{"line":34,"column":4},"end":{"line":39,"column":null}},"8":{"start":{"line":34,"column":28},"end":{"line":39,"column":7}},"9":{"start":{"line":37,"column":42},"end":{"line":37,"column":57}},"10":{"start":{"line":42,"column":2},"end":{"line":221,"column":null}},"11":{"start":{"line":46,"column":8},"end":{"line":46,"column":null}},"12":{"start":{"line":47,"column":8},"end":{"line":47,"column":null}},"13":{"start":{"line":48,"column":8},"end":{"line":48,"column":null}},"14":{"start":{"line":49,"column":8},"end":{"line":49,"column":null}},"15":{"start":{"line":50,"column":23},"end":{"line":50,"column":45}},"16":{"start":{"line":51,"column":8},"end":{"line":51,"column":null}},"17":{"start":{"line":53,"column":8},"end":{"line":55,"column":null}},"18":{"start":{"line":54,"column":10},"end":{"line":54,"column":null}},"19":{"start":{"line":55,"column":10},"end":{"line":55,"column":null}},"20":{"start":{"line":66,"column":31},"end":{"line":66,"column":98}},"21":{"start":{"line":66,"column":55},"end":{"line":66,"column":98}},"22":{"start":{"line":81,"column":12},"end":{"line":81,"column":85}},"23":{"start":{"line":81,"column":36},"end":{"line":81,"column":85}},"24":{"start":{"line":97,"column":14},"end":{"line":100,"column":17}},"25":{"start":{"line":97,"column":38},"end":{"line":100,"column":17}},"26":{"start":{"line":105,"column":14},"end":{"line":107,"column":null}},"27":{"start":{"line":121,"column":14},"end":{"line":124,"column":17}},"28":{"start":{"line":121,"column":38},"end":{"line":124,"column":17}},"29":{"start":{"line":129,"column":14},"end":{"line":131,"column":null}},"30":{"start":{"line":146,"column":14},"end":{"line":149,"column":17}},"31":{"start":{"line":146,"column":38},"end":{"line":149,"column":17}},"32":{"start":{"line":165,"column":12},"end":{"line":168,"column":15}},"33":{"start":{"line":165,"column":36},"end":{"line":168,"column":15}},"34":{"start":{"line":174,"column":12},"end":{"line":176,"column":null}},"35":{"start":{"line":186,"column":28},"end":{"line":186,"column":62}},"36":{"start":{"line":187,"column":12},"end":{"line":206,"column":null}},"37":{"start":{"line":199,"column":34},"end":{"line":199,"column":null}}},"fnMap":{"0":{"name":"TaskForm","decl":{"start":{"line":11,"column":16},"end":{"line":11,"column":25}},"loc":{"start":{"line":23,"column":3},"end":{"line":221,"column":null}},"line":23},"1":{"name":"(anonymous_1)","decl":{"start":{"line":29,"column":2},"end":{"line":29,"column":18}},"loc":{"start":{"line":29,"column":18},"end":{"line":31,"column":6}},"line":29},"2":{"name":"(anonymous_2)","decl":{"start":{"line":33,"column":8},"end":{"line":33,"column":29}},"loc":{"start":{"line":33,"column":49},"end":{"line":39,"column":null}},"line":33},"3":{"name":"(anonymous_3)","decl":{"start":{"line":34,"column":4},"end":{"line":34,"column":15}},"loc":{"start":{"line":34,"column":28},"end":{"line":39,"column":7}},"line":34},"4":{"name":"(anonymous_4)","decl":{"start":{"line":37,"column":27},"end":{"line":37,"column":35}},"loc":{"start":{"line":37,"column":42},"end":{"line":37,"column":57}},"line":37},"5":{"name":"(anonymous_5)","decl":{"start":{"line":45,"column":16},"end":{"line":45,"column":23}},"loc":{"start":{"line":45,"column":33},"end":{"line":55,"column":null}},"line":45},"6":{"name":"(anonymous_6)","decl":{"start":{"line":66,"column":10},"end":{"line":66,"column":21}},"loc":{"start":{"line":66,"column":31},"end":{"line":66,"column":98}},"line":66},"7":{"name":"(anonymous_7)","decl":{"start":{"line":66,"column":31},"end":{"line":66,"column":42}},"loc":{"start":{"line":66,"column":55},"end":{"line":66,"column":98}},"line":66},"8":{"name":"(anonymous_8)","decl":{"start":{"line":80,"column":10},"end":{"line":80,"column":21}},"loc":{"start":{"line":81,"column":12},"end":{"line":81,"column":85}},"line":81},"9":{"name":"(anonymous_9)","decl":{"start":{"line":81,"column":12},"end":{"line":81,"column":23}},"loc":{"start":{"line":81,"column":36},"end":{"line":81,"column":85}},"line":81},"10":{"name":"(anonymous_10)","decl":{"start":{"line":96,"column":12},"end":{"line":96,"column":23}},"loc":{"start":{"line":97,"column":14},"end":{"line":100,"column":17}},"line":97},"11":{"name":"(anonymous_11)","decl":{"start":{"line":97,"column":14},"end":{"line":97,"column":25}},"loc":{"start":{"line":97,"column":38},"end":{"line":100,"column":17}},"line":97},"12":{"name":"(anonymous_12)","decl":{"start":{"line":104,"column":69},"end":{"line":104,"column":74}},"loc":{"start":{"line":105,"column":14},"end":{"line":107,"column":null}},"line":105},"13":{"name":"(anonymous_13)","decl":{"start":{"line":120,"column":12},"end":{"line":120,"column":23}},"loc":{"start":{"line":121,"column":14},"end":{"line":124,"column":17}},"line":121},"14":{"name":"(anonymous_14)","decl":{"start":{"line":121,"column":14},"end":{"line":121,"column":25}},"loc":{"start":{"line":121,"column":38},"end":{"line":124,"column":17}},"line":121},"15":{"name":"(anonymous_15)","decl":{"start":{"line":128,"column":60},"end":{"line":128,"column":65}},"loc":{"start":{"line":129,"column":14},"end":{"line":131,"column":null}},"line":129},"16":{"name":"(anonymous_16)","decl":{"start":{"line":145,"column":12},"end":{"line":145,"column":23}},"loc":{"start":{"line":146,"column":14},"end":{"line":149,"column":17}},"line":146},"17":{"name":"(anonymous_17)","decl":{"start":{"line":146,"column":14},"end":{"line":146,"column":25}},"loc":{"start":{"line":146,"column":38},"end":{"line":149,"column":17}},"line":146},"18":{"name":"(anonymous_18)","decl":{"start":{"line":164,"column":10},"end":{"line":164,"column":21}},"loc":{"start":{"line":165,"column":12},"end":{"line":168,"column":15}},"line":165},"19":{"name":"(anonymous_19)","decl":{"start":{"line":165,"column":12},"end":{"line":165,"column":23}},"loc":{"start":{"line":165,"column":36},"end":{"line":168,"column":15}},"line":165},"20":{"name":"(anonymous_20)","decl":{"start":{"line":173,"column":17},"end":{"line":173,"column":22}},"loc":{"start":{"line":174,"column":12},"end":{"line":176,"column":null}},"line":174},"21":{"name":"(anonymous_21)","decl":{"start":{"line":185,"column":18},"end":{"line":185,"column":23}},"loc":{"start":{"line":185,"column":33},"end":{"line":206,"column":null}},"line":185},"22":{"name":"(anonymous_22)","decl":{"start":{"line":199,"column":18},"end":{"line":199,"column":34}},"loc":{"start":{"line":199,"column":34},"end":{"line":199,"column":null}},"line":199}},"branchMap":{"0":{"loc":{"start":{"line":36,"column":16},"end":{"line":38,"column":null}},"type":"cond-expr","locations":[{"start":{"line":37,"column":10},"end":{"line":37,"column":57}},{"start":{"line":38,"column":10},"end":{"line":38,"column":null}}],"line":36},"1":{"loc":{"start":{"line":53,"column":8},"end":{"line":55,"column":null}},"type":"if","locations":[{"start":{"line":53,"column":8},"end":{"line":55,"column":null}},{"start":{},"end":{}}],"line":53},"2":{"loc":{"start":{"line":54,"column":20},"end":{"line":54,"column":39}},"type":"binary-expr","locations":[{"start":{"line":54,"column":20},"end":{"line":54,"column":37}},{"start":{"line":54,"column":37},"end":{"line":54,"column":39}}],"line":54},"3":{"loc":{"start":{"line":55,"column":21},"end":{"line":55,"column":56}},"type":"binary-expr","locations":[{"start":{"line":55,"column":21},"end":{"line":55,"column":39}},{"start":{"line":55,"column":39},"end":{"line":55,"column":56}}],"line":55},"4":{"loc":{"start":{"line":69,"column":9},"end":{"line":69,"column":null}},"type":"cond-expr","locations":[{"start":{"line":69,"column":24},"end":{"line":69,"column":null}},{"start":{"line":69,"column":82},"end":{"line":69,"column":null}}],"line":69},"5":{"loc":{"start":{"line":85,"column":9},"end":{"line":85,"column":null}},"type":"cond-expr","locations":[{"start":{"line":85,"column":30},"end":{"line":85,"column":null}},{"start":{"line":85,"column":94},"end":{"line":85,"column":null}}],"line":85},"6":{"loc":{"start":{"line":110,"column":11},"end":{"line":110,"column":null}},"type":"cond-expr","locations":[{"start":{"line":110,"column":27},"end":{"line":110,"column":null}},{"start":{"line":110,"column":86},"end":{"line":110,"column":null}}],"line":110},"7":{"loc":{"start":{"line":134,"column":11},"end":{"line":134,"column":null}},"type":"cond-expr","locations":[{"start":{"line":134,"column":29},"end":{"line":134,"column":null}},{"start":{"line":134,"column":90},"end":{"line":134,"column":null}}],"line":134},"8":{"loc":{"start":{"line":144,"column":19},"end":{"line":144,"column":null}},"type":"binary-expr","locations":[{"start":{"line":144,"column":19},"end":{"line":144,"column":37}},{"start":{"line":144,"column":37},"end":{"line":144,"column":null}}],"line":144},"9":{"loc":{"start":{"line":148,"column":25},"end":{"line":148,"column":null}},"type":"binary-expr","locations":[{"start":{"line":148,"column":25},"end":{"line":148,"column":47}},{"start":{"line":148,"column":47},"end":{"line":148,"column":null}}],"line":148},"10":{"loc":{"start":{"line":153,"column":11},"end":{"line":153,"column":null}},"type":"cond-expr","locations":[{"start":{"line":153,"column":28},"end":{"line":153,"column":null}},{"start":{"line":153,"column":88},"end":{"line":153,"column":null}}],"line":153},"11":{"loc":{"start":{"line":163,"column":17},"end":{"line":163,"column":null}},"type":"binary-expr","locations":[{"start":{"line":163,"column":17},"end":{"line":163,"column":38}},{"start":{"line":163,"column":38},"end":{"line":163,"column":null}}],"line":163},"12":{"loc":{"start":{"line":167,"column":26},"end":{"line":167,"column":null}},"type":"binary-expr","locations":[{"start":{"line":167,"column":26},"end":{"line":167,"column":48}},{"start":{"line":167,"column":48},"end":{"line":167,"column":null}}],"line":167},"13":{"loc":{"start":{"line":179,"column":9},"end":{"line":179,"column":null}},"type":"cond-expr","locations":[{"start":{"line":179,"column":29},"end":{"line":179,"column":null}},{"start":{"line":179,"column":92},"end":{"line":179,"column":null}}],"line":179},"14":{"loc":{"start":{"line":192,"column":18},"end":{"line":192,"column":null}},"type":"cond-expr","locations":[{"start":{"line":192,"column":28},"end":{"line":192,"column":73}},{"start":{"line":192,"column":73},"end":{"line":192,"column":null}}],"line":192},"15":{"loc":{"start":{"line":210,"column":9},"end":{"line":210,"column":null}},"type":"cond-expr","locations":[{"start":{"line":210,"column":27},"end":{"line":210,"column":null}},{"start":{"line":210,"column":88},"end":{"line":210,"column":null}}],"line":210},"16":{"loc":{"start":{"line":213,"column":7},"end":{"line":213,"column":null}},"type":"cond-expr","locations":[{"start":{"line":213,"column":17},"end":{"line":213,"column":null}},{"start":{"line":213,"column":102},"end":{"line":213,"column":null}}],"line":213},"17":{"loc":{"start":{"line":220,"column":9},"end":{"line":220,"column":null}},"type":"cond-expr","locations":[{"start":{"line":220,"column":24},"end":{"line":220,"column":35}},{"start":{"line":220,"column":35},"end":{"line":220,"column":null}}],"line":220}},"s":{"0":94,"1":94,"2":94,"3":94,"4":94,"5":6,"6":94,"7":0,"8":0,"9":0,"10":94,"11":6,"12":6,"13":6,"14":6,"15":6,"16":6,"17":6,"18":2,"19":2,"20":46,"21":46,"22":24,"23":24,"24":0,"25":0,"26":376,"27":0,"28":0,"29":376,"30":0,"31":0,"32":1,"33":1,"34":282,"35":470,"36":470,"37":0},"f":{"0":94,"1":6,"2":0,"3":0,"4":0,"5":6,"6":46,"7":46,"8":24,"9":24,"10":0,"11":0,"12":376,"13":0,"14":0,"15":376,"16":0,"17":0,"18":1,"19":1,"20":282,"21":470,"22":0},"b":{"0":[0,0],"1":[2,4],"2":[2,1],"3":[2,1],"4":[41,53],"5":[0,94],"6":[0,94],"7":[0,94],"8":[94,57],"9":[0,0],"10":[0,94],"11":[94,54],"12":[1,0],"13":[0,94],"14":[37,433],"15":[0,94],"16":[42,52],"17":[7,87]},"meta":{"lastBranch":18,"lastFunction":23,"lastStatement":38,"seen":{"f:11:16:11:25":0,"s:24:17:24:69":0,"s:25:17:25:66":1,"s:26:18:26:61":2,"s:27:23:27:57":3,"s:29:2:31:Infinity":4,"f:29:2:29:18":1,"s:30:4:30:Infinity":5,"s:33:8:39:Infinity":6,"f:33:8:33:29":2,"s:34:4:39:Infinity":7,"f:34:4:34:15":3,"s:34:28:39:7":8,"b:37:10:37:57:38:10:38:Infinity":0,"f:37:27:37:35":4,"s:37:42:37:57":9,"s:42:2:221:Infinity":10,"f:45:16:45:23":5,"s:46:8:46:Infinity":11,"s:47:8:47:Infinity":12,"s:48:8:48:Infinity":13,"s:49:8:49:Infinity":14,"s:50:23:50:45":15,"s:51:8:51:Infinity":16,"b:53:8:55:Infinity:undefined:undefined:undefined:undefined":1,"s:53:8:55:Infinity":17,"s:54:10:54:Infinity":18,"b:54:20:54:37:54:37:54:39":2,"s:55:10:55:Infinity":19,"b:55:21:55:39:55:39:55:56":3,"f:66:10:66:21":6,"s:66:31:66:98":20,"f:66:31:66:42":7,"s:66:55:66:98":21,"b:69:24:69:Infinity:69:82:69:Infinity":4,"f:80:10:80:21":8,"s:81:12:81:85":22,"f:81:12:81:23":9,"s:81:36:81:85":23,"b:85:30:85:Infinity:85:94:85:Infinity":5,"f:96:12:96:23":10,"s:97:14:100:17":24,"f:97:14:97:25":11,"s:97:38:100:17":25,"f:104:69:104:74":12,"s:105:14:107:Infinity":26,"b:110:27:110:Infinity:110:86:110:Infinity":6,"f:120:12:120:23":13,"s:121:14:124:17":27,"f:121:14:121:25":14,"s:121:38:124:17":28,"f:128:60:128:65":15,"s:129:14:131:Infinity":29,"b:134:29:134:Infinity:134:90:134:Infinity":7,"b:144:19:144:37:144:37:144:Infinity":8,"f:145:12:145:23":16,"s:146:14:149:17":30,"f:146:14:146:25":17,"s:146:38:149:17":31,"b:148:25:148:47:148:47:148:Infinity":9,"b:153:28:153:Infinity:153:88:153:Infinity":10,"b:163:17:163:38:163:38:163:Infinity":11,"f:164:10:164:21":18,"s:165:12:168:15":32,"f:165:12:165:23":19,"s:165:36:168:15":33,"b:167:26:167:48:167:48:167:Infinity":12,"f:173:17:173:22":20,"s:174:12:176:Infinity":34,"b:179:29:179:Infinity:179:92:179:Infinity":13,"f:185:18:185:23":21,"s:186:28:186:62":35,"s:187:12:206:Infinity":36,"b:192:28:192:73:192:73:192:Infinity":14,"f:199:18:199:34":22,"s:199:34:199:Infinity":37,"b:210:27:210:Infinity:210:88:210:Infinity":15,"b:213:17:213:Infinity:213:102:213:Infinity":16,"b:220:24:220:35:220:35:220:Infinity":17}}}
,"/Users/kaperrine_dog/projects/corolab/school/graduation-works/study-sprint-board-supabase/src/lib/demo-repository.ts": {"path":"/Users/kaperrine_dog/projects/corolab/school/graduation-works/study-sprint-board-supabase/src/lib/demo-repository.ts","statementMap":{"0":{"start":{"line":17,"column":31},"end":{"line":17,"column":null}},"1":{"start":{"line":18,"column":27},"end":{"line":18,"column":null}},"2":{"start":{"line":27,"column":2},"end":{"line":28,"column":null}},"3":{"start":{"line":28,"column":4},"end":{"line":28,"column":null}},"4":{"start":{"line":31,"column":20},"end":{"line":31,"column":null}},"5":{"start":{"line":32,"column":2},"end":{"line":36,"column":null}},"6":{"start":{"line":41,"column":2},"end":{"line":44,"column":null}},"7":{"start":{"line":51,"column":2},"end":{"line":52,"column":null}},"8":{"start":{"line":52,"column":4},"end":{"line":52,"column":null}},"9":{"start":{"line":55,"column":14},"end":{"line":55,"column":46}},"10":{"start":{"line":57,"column":2},"end":{"line":58,"column":null}},"11":{"start":{"line":58,"column":4},"end":{"line":58,"column":null}},"12":{"start":{"line":61,"column":2},"end":{"line":65,"column":null}},"13":{"start":{"line":62,"column":19},"end":{"line":62,"column":34}},"14":{"start":{"line":63,"column":4},"end":{"line":63,"column":null}},"15":{"start":{"line":65,"column":4},"end":{"line":65,"column":null}},"16":{"start":{"line":70,"column":2},"end":{"line":71,"column":null}},"17":{"start":{"line":71,"column":4},"end":{"line":71,"column":null}},"18":{"start":{"line":74,"column":2},"end":{"line":74,"column":null}},"19":{"start":{"line":78,"column":2},"end":{"line":78,"column":null}},"20":{"start":{"line":85,"column":2},"end":{"line":86,"column":null}},"21":{"start":{"line":86,"column":4},"end":{"line":86,"column":null}},"22":{"start":{"line":89,"column":2},"end":{"line":91,"column":null}},"23":{"start":{"line":90,"column":4},"end":{"line":90,"column":null}},"24":{"start":{"line":91,"column":4},"end":{"line":91,"column":null}},"25":{"start":{"line":94,"column":2},"end":{"line":94,"column":null}},"26":{"start":{"line":101,"column":18},"end":{"line":101,"column":null}},"27":{"start":{"line":102,"column":23},"end":{"line":102,"column":null}},"28":{"start":{"line":104,"column":14},"end":{"line":104,"column":51}},"29":{"start":{"line":105,"column":22},"end":{"line":105,"column":48}},"30":{"start":{"line":107,"column":8},"end":{"line":109,"column":null}},"31":{"start":{"line":108,"column":4},"end":{"line":108,"column":null}},"32":{"start":{"line":109,"column":4},"end":{"line":109,"column":null}},"33":{"start":{"line":112,"column":2},"end":{"line":155,"column":null}},"34":{"start":{"line":115,"column":6},"end":{"line":115,"column":null}},"35":{"start":{"line":118,"column":22},"end":{"line":121,"column":null}},"36":{"start":{"line":120,"column":10},"end":{"line":121,"column":null}},"37":{"start":{"line":124,"column":6},"end":{"line":128,"column":null}},"38":{"start":{"line":125,"column":8},"end":{"line":128,"column":null}},"39":{"start":{"line":131,"column":6},"end":{"line":131,"column":null}},"40":{"start":{"line":132,"column":6},"end":{"line":132,"column":null}},"41":{"start":{"line":134,"column":6},"end":{"line":137,"column":null}},"42":{"start":{"line":140,"column":6},"end":{"line":140,"column":null}},"43":{"start":{"line":141,"column":6},"end":{"line":141,"column":null}},"44":{"start":{"line":144,"column":6},"end":{"line":144,"column":null}},"45":{"start":{"line":145,"column":6},"end":{"line":145,"column":null}},"46":{"start":{"line":148,"column":6},"end":{"line":148,"column":null}},"47":{"start":{"line":149,"column":6},"end":{"line":149,"column":null}},"48":{"start":{"line":152,"column":6},"end":{"line":152,"column":null}},"49":{"start":{"line":153,"column":6},"end":{"line":153,"column":null}}},"fnMap":{"0":{"name":"isBoardState","decl":{"start":{"line":26,"column":9},"end":{"line":26,"column":22}},"loc":{"start":{"line":26,"column":59},"end":{"line":36,"column":null}},"line":26},"1":{"name":"cloneSnapshot","decl":{"start":{"line":40,"column":9},"end":{"line":40,"column":23}},"loc":{"start":{"line":40,"column":92},"end":{"line":44,"column":null}},"line":40},"2":{"name":"loadBoardState","decl":{"start":{"line":47,"column":16},"end":{"line":47,"column":null}},"loc":{"start":{"line":50,"column":14},"end":{"line":65,"column":null}},"line":50},"3":{"name":"loadCurrentUserId","decl":{"start":{"line":69,"column":16},"end":{"line":69,"column":34}},"loc":{"start":{"line":69,"column":83},"end":{"line":74,"column":null}},"line":69},"4":{"name":"persistBoardState","decl":{"start":{"line":77,"column":16},"end":{"line":77,"column":34}},"loc":{"start":{"line":77,"column":93},"end":{"line":78,"column":null}},"line":77},"5":{"name":"persistCurrentUserId","decl":{"start":{"line":81,"column":16},"end":{"line":81,"column":null}},"loc":{"start":{"line":84,"column":8},"end":{"line":94,"column":null}},"line":84},"6":{"name":"createDemoRepository","decl":{"start":{"line":97,"column":16},"end":{"line":97,"column":37}},"loc":{"start":{"line":100,"column":20},"end":{"line":155,"column":null}},"line":100},"7":{"name":"(anonymous_7)","decl":{"start":{"line":107,"column":8},"end":{"line":107,"column":32}},"loc":{"start":{"line":107,"column":32},"end":{"line":109,"column":null}},"line":107},"8":{"name":"(anonymous_8)","decl":{"start":{"line":114,"column":10},"end":{"line":114,"column":52}},"loc":{"start":{"line":114,"column":52},"end":{"line":115,"column":null}},"line":114},"9":{"name":"(anonymous_9)","decl":{"start":{"line":117,"column":10},"end":{"line":117,"column":17}},"loc":{"start":{"line":117,"column":72},"end":{"line":137,"column":null}},"line":117},"10":{"name":"(anonymous_10)","decl":{"start":{"line":118,"column":36},"end":{"line":118,"column":null}},"loc":{"start":{"line":120,"column":10},"end":{"line":121,"column":null}},"line":120},"11":{"name":"(anonymous_11)","decl":{"start":{"line":139,"column":10},"end":{"line":139,"column":35}},"loc":{"start":{"line":139,"column":35},"end":{"line":141,"column":null}},"line":139},"12":{"name":"(anonymous_12)","decl":{"start":{"line":143,"column":10},"end":{"line":143,"column":21}},"loc":{"start":{"line":143,"column":88},"end":{"line":145,"column":null}},"line":143},"13":{"name":"(anonymous_13)","decl":{"start":{"line":147,"column":10},"end":{"line":147,"column":21}},"loc":{"start":{"line":147,"column":76},"end":{"line":149,"column":null}},"line":147},"14":{"name":"(anonymous_14)","decl":{"start":{"line":151,"column":10},"end":{"line":151,"column":21}},"loc":{"start":{"line":151,"column":93},"end":{"line":153,"column":null}},"line":151}},"branchMap":{"0":{"loc":{"start":{"line":27,"column":2},"end":{"line":28,"column":null}},"type":"if","locations":[{"start":{"line":27,"column":2},"end":{"line":28,"column":null}},{"start":{},"end":{}}],"line":27},"1":{"loc":{"start":{"line":27,"column":6},"end":{"line":27,"column":51}},"type":"binary-expr","locations":[{"start":{"line":27,"column":6},"end":{"line":27,"column":35}},{"start":{"line":27,"column":35},"end":{"line":27,"column":51}}],"line":27},"2":{"loc":{"start":{"line":33,"column":4},"end":{"line":36,"column":37}},"type":"binary-expr","locations":[{"start":{"line":33,"column":4},"end":{"line":33,"column":34}},{"start":{"line":34,"column":4},"end":{"line":34,"column":35}},{"start":{"line":35,"column":4},"end":{"line":35,"column":34}},{"start":{"line":36,"column":4},"end":{"line":36,"column":37}}],"line":33},"3":{"loc":{"start":{"line":49,"column":2},"end":{"line":49,"column":33}},"type":"default-arg","locations":[{"start":{"line":49,"column":23},"end":{"line":49,"column":33}}],"line":49},"4":{"loc":{"start":{"line":51,"column":2},"end":{"line":52,"column":null}},"type":"if","locations":[{"start":{"line":51,"column":2},"end":{"line":52,"column":null}},{"start":{},"end":{}}],"line":51},"5":{"loc":{"start":{"line":57,"column":2},"end":{"line":58,"column":null}},"type":"if","locations":[{"start":{"line":57,"column":2},"end":{"line":58,"column":null}},{"start":{},"end":{}}],"line":57},"6":{"loc":{"start":{"line":63,"column":11},"end":{"line":63,"column":72}},"type":"cond-expr","locations":[{"start":{"line":63,"column":34},"end":{"line":63,"column":43}},{"start":{"line":63,"column":34},"end":{"line":63,"column":72}}],"line":63},"7":{"loc":{"start":{"line":70,"column":2},"end":{"line":71,"column":null}},"type":"if","locations":[{"start":{"line":70,"column":2},"end":{"line":71,"column":null}},{"start":{},"end":{}}],"line":70},"8":{"loc":{"start":{"line":85,"column":2},"end":{"line":86,"column":null}},"type":"if","locations":[{"start":{"line":85,"column":2},"end":{"line":86,"column":null}},{"start":{},"end":{}}],"line":85},"9":{"loc":{"start":{"line":89,"column":2},"end":{"line":91,"column":null}},"type":"if","locations":[{"start":{"line":89,"column":2},"end":{"line":91,"column":null}},{"start":{},"end":{}}],"line":89},"10":{"loc":{"start":{"line":120,"column":10},"end":{"line":121,"column":null}},"type":"binary-expr","locations":[{"start":{"line":120,"column":10},"end":{"line":120,"column":70}},{"start":{"line":121,"column":10},"end":{"line":121,"column":null}}],"line":120},"11":{"loc":{"start":{"line":124,"column":6},"end":{"line":128,"column":null}},"type":"if","locations":[{"start":{"line":124,"column":6},"end":{"line":128,"column":null}},{"start":{},"end":{}}],"line":124}},"s":{"0":1,"1":1,"2":11,"3":0,"4":11,"5":11,"6":16,"7":11,"8":0,"9":11,"10":11,"11":0,"12":11,"13":11,"14":11,"15":0,"16":11,"17":0,"18":11,"19":5,"20":5,"21":0,"22":5,"23":4,"24":4,"25":1,"26":11,"27":11,"28":11,"29":11,"30":11,"31":5,"32":5,"33":11,"34":16,"35":1,"36":1,"37":1,"38":0,"39":1,"40":1,"41":1,"42":1,"43":1,"44":1,"45":1,"46":1,"47":1,"48":1,"49":1},"f":{"0":11,"1":16,"2":11,"3":11,"4":5,"5":5,"6":11,"7":5,"8":16,"9":1,"10":1,"11":1,"12":1,"13":1,"14":1},"b":{"0":[0,11],"1":[11,11],"2":[11,11,11,11],"3":[11],"4":[0,11],"5":[0,11],"6":[11,0],"7":[0,11],"8":[0,5],"9":[4,1],"10":[1,1],"11":[0,1]},"meta":{"lastBranch":12,"lastFunction":15,"lastStatement":50,"seen":{"s:17:31:17:Infinity":0,"s:18:27:18:Infinity":1,"f:26:9:26:22":0,"b:27:2:28:Infinity:undefined:undefined:undefined:undefined":0,"s:27:2:28:Infinity":2,"b:27:6:27:35:27:35:27:51":1,"s:28:4:28:Infinity":3,"s:31:20:31:Infinity":4,"s:32:2:36:Infinity":5,"b:33:4:33:34:34:4:34:35:35:4:35:34:36:4:36:37":2,"f:40:9:40:23":1,"s:41:2:44:Infinity":6,"f:47:16:47:Infinity":2,"b:49:23:49:33":3,"b:51:2:52:Infinity:undefined:undefined:undefined:undefined":4,"s:51:2:52:Infinity":7,"s:52:4:52:Infinity":8,"s:55:14:55:46":9,"b:57:2:58:Infinity:undefined:undefined:undefined:undefined":5,"s:57:2:58:Infinity":10,"s:58:4:58:Infinity":11,"s:61:2:65:Infinity":12,"s:62:19:62:34":13,"s:63:4:63:Infinity":14,"b:63:34:63:43:63:34:63:72":6,"s:65:4:65:Infinity":15,"f:69:16:69:34":3,"b:70:2:71:Infinity:undefined:undefined:undefined:undefined":7,"s:70:2:71:Infinity":16,"s:71:4:71:Infinity":17,"s:74:2:74:Infinity":18,"f:77:16:77:34":4,"s:78:2:78:Infinity":19,"f:81:16:81:Infinity":5,"b:85:2:86:Infinity:undefined:undefined:undefined:undefined":8,"s:85:2:86:Infinity":20,"s:86:4:86:Infinity":21,"b:89:2:91:Infinity:undefined:undefined:undefined:undefined":9,"s:89:2:91:Infinity":22,"s:90:4:90:Infinity":23,"s:91:4:91:Infinity":24,"s:94:2:94:Infinity":25,"f:97:16:97:37":6,"s:101:18:101:Infinity":26,"s:102:23:102:Infinity":27,"s:104:14:104:51":28,"s:105:22:105:48":29,"s:107:8:109:Infinity":30,"f:107:8:107:32":7,"s:108:4:108:Infinity":31,"s:109:4:109:Infinity":32,"s:112:2:155:Infinity":33,"f:114:10:114:52":8,"s:115:6:115:Infinity":34,"f:117:10:117:17":9,"s:118:22:121:Infinity":35,"f:118:36:118:Infinity":10,"s:120:10:121:Infinity":36,"b:120:10:120:70:121:10:121:Infinity":10,"b:124:6:128:Infinity:undefined:undefined:undefined:undefined":11,"s:124:6:128:Infinity":37,"s:125:8:128:Infinity":38,"s:131:6:131:Infinity":39,"s:132:6:132:Infinity":40,"s:134:6:137:Infinity":41,"f:139:10:139:35":11,"s:140:6:140:Infinity":42,"s:141:6:141:Infinity":43,"f:143:10:143:21":12,"s:144:6:144:Infinity":44,"s:145:6:145:Infinity":45,"f:147:10:147:21":13,"s:148:6:148:Infinity":46,"s:149:6:149:Infinity":47,"f:151:10:151:21":14,"s:152:6:152:Infinity":48,"s:153:6:153:Infinity":49}}}
,"/Users/kaperrine_dog/projects/corolab/school/graduation-works/study-sprint-board-supabase/src/lib/repository.ts": {"path":"/Users/kaperrine_dog/projects/corolab/school/graduation-works/study-sprint-board-supabase/src/lib/repository.ts","statementMap":{"0":{"start":{"line":7,"column":2},"end":{"line":8,"column":null}},"1":{"start":{"line":8,"column":4},"end":{"line":8,"column":null}},"2":{"start":{"line":11,"column":18},"end":{"line":11,"column":null}},"3":{"start":{"line":12,"column":2},"end":{"line":12,"column":null}}},"fnMap":{"0":{"name":"createAppRepository","decl":{"start":{"line":6,"column":16},"end":{"line":6,"column":55}},"loc":{"start":{"line":6,"column":55},"end":{"line":12,"column":null}},"line":6}},"branchMap":{"0":{"loc":{"start":{"line":7,"column":2},"end":{"line":8,"column":null}},"type":"if","locations":[{"start":{"line":7,"column":2},"end":{"line":8,"column":null}},{"start":{},"end":{}}],"line":7},"1":{"loc":{"start":{"line":11,"column":18},"end":{"line":11,"column":null}},"type":"cond-expr","locations":[{"start":{"line":11,"column":50},"end":{"line":11,"column":62}},{"start":{"line":11,"column":62},"end":{"line":11,"column":null}}],"line":11}},"s":{"0":0,"1":0,"2":0,"3":0},"f":{"0":0},"b":{"0":[0,0],"1":[0,0]},"meta":{"lastBranch":2,"lastFunction":1,"lastStatement":4,"seen":{"f:6:16:6:55":0,"b:7:2:8:Infinity:undefined:undefined:undefined:undefined":0,"s:7:2:8:Infinity":0,"s:8:4:8:Infinity":1,"s:11:18:11:Infinity":2,"b:11:50:11:62:11:62:11:Infinity":1,"s:12:2:12:Infinity":3}}}
,"/Users/kaperrine_dog/projects/corolab/school/graduation-works/study-sprint-board-supabase/src/lib/supabase-repository.ts": {"path":"/Users/kaperrine_dog/projects/corolab/school/graduation-works/study-sprint-board-supabase/src/lib/supabase-repository.ts","statementMap":{"0":{"start":{"line":18,"column":2},"end":{"line":18,"column":null}},"1":{"start":{"line":22,"column":17},"end":{"line":22,"column":28}},"2":{"start":{"line":24,"column":4},"end":{"line":31,"column":6}},"3":{"start":{"line":33,"column":2},"end":{"line":33,"column":null}},"4":{"start":{"line":33,"column":25},"end":{"line":33,"column":null}},"5":{"start":{"line":34,"column":2},"end":{"line":34,"column":null}},"6":{"start":{"line":34,"column":26},"end":{"line":34,"column":null}},"7":{"start":{"line":35,"column":2},"end":{"line":35,"column":null}},"8":{"start":{"line":35,"column":25},"end":{"line":35,"column":null}},"9":{"start":{"line":36,"column":2},"end":{"line":36,"column":null}},"10":{"start":{"line":36,"column":28},"end":{"line":36,"column":null}},"11":{"start":{"line":37,"column":2},"end":{"line":37,"column":null}},"12":{"start":{"line":37,"column":30},"end":{"line":37,"column":null}},"13":{"start":{"line":39,"column":8},"end":{"line":44,"column":5}},"14":{"start":{"line":39,"column":67},"end":{"line":44,"column":5}},"15":{"start":{"line":46,"column":8},"end":{"line":50,"column":5}},"16":{"start":{"line":46,"column":71},"end":{"line":50,"column":5}},"17":{"start":{"line":52,"column":8},"end":{"line":63,"column":5}},"18":{"start":{"line":52,"column":85},"end":{"line":63,"column":5}},"19":{"start":{"line":65,"column":8},"end":{"line":71,"column":5}},"20":{"start":{"line":65,"column":79},"end":{"line":71,"column":5}},"21":{"start":{"line":73,"column":8},"end":{"line":76,"column":5}},"22":{"start":{"line":73,"column":83},"end":{"line":76,"column":5}},"23":{"start":{"line":78,"column":2},"end":{"line":87,"column":null}},"24":{"start":{"line":91,"column":2},"end":{"line":189,"column":null}},"25":{"start":{"line":94,"column":6},"end":{"line":94,"column":null}},"26":{"start":{"line":97,"column":21},"end":{"line":97,"column":32}},"27":{"start":{"line":98,"column":30},"end":{"line":101,"column":8}},"28":{"start":{"line":103,"column":6},"end":{"line":107,"column":null}},"29":{"start":{"line":104,"column":8},"end":{"line":107,"column":null}},"30":{"start":{"line":110,"column":6},"end":{"line":113,"column":null}},"31":{"start":{"line":116,"column":21},"end":{"line":116,"column":32}},"32":{"start":{"line":117,"column":24},"end":{"line":117,"column":51}},"33":{"start":{"line":118,"column":6},"end":{"line":118,"column":null}},"34":{"start":{"line":118,"column":17},"end":{"line":118,"column":null}},"35":{"start":{"line":121,"column":21},"end":{"line":121,"column":32}},"36":{"start":{"line":122,"column":30},"end":{"line":134,"column":17}},"37":{"start":{"line":136,"column":6},"end":{"line":136,"column":null}},"38":{"start":{"
[...]
,"/Users/kaperrine_dog/projects/corolab/school/graduation-works/study-sprint-board-supabase/src/routes/signin-page.tsx": {"path":"/Users/kaperrine_dog/projects/corolab/school/graduation-works/study-sprint-board-supabase/src/routes/signin-page.tsx","statementMap":{"0":{"start":{"line":9,"column":8},"end":{"line":9,"column":32}},"1":{"start":{"line":10,"column":26},"end":{"line":10,"column":52}},"2":{"start":{"line":11,"column":16},"end":{"line":11,"column":65}},"3":{"start":{"line":12,"column":19},"end":{"line":12,"column":74}},"4":{"start":{"line":13,"column":18},"end":{"line":13,"column":61}},"5":{"start":{"line":14,"column":17},"end":{"line":14,"column":66}},"6":{"start":{"line":15,"column":23},"end":{"line":15,"column":57}},"7":{"start":{"line":17,"column":2},"end":{"line":136,"column":null}},"8":{"start":{"line":41,"column":16},"end":{"line":45,"column":null}},"9":{"start":{"line":62,"column":14},"end":{"line":62,"column":null}},"10":{"start":{"line":63,"column":14},"end":{"line":63,"column":null}},"11":{"start":{"line":64,"column":14},"end":{"line":64,"column":null}},"12":{"start":{"line":65,"column":14},"end":{"line":65,"column":null}},"13":{"start":{"line":66,"column":29},"end":{"line":66,"column":62}},"14":{"start":{"line":67,"column":14},"end":{"line":67,"column":null}},"15":{"start":{"line":69,"column":14},"end":{"line":72,"column":null}},"16":{"start":{"line":70,"column":16},"end":{"line":70,"column":null}},"17":{"start":{"line":71,"column":16},"end":{"line":71,"column":null}},"18":{"start":{"line":72,"column":16},"end":{"line":72,"column":null}},"19":{"start":{"line":75,"column":14},"end":{"line":75,"column":null}},"20":{"start":{"line":86,"column":37},"end":{"line":86,"column":null}},"21":{"start":{"line":100,"column":37},"end":{"line":100,"column":null}},"22":{"start":{"line":120,"column":16},"end":{"line":125,"column":null}}},"fnMap":{"0":{"name":"SignInPage","decl":{"start":{"line":8,"column":16},"end":{"line":8,"column":29}},"loc":{"start":{"line":8,"column":29},"end":{"line":136,"column":null}},"line":8},"1":{"name":"(anonymous_1)","decl":{"start":{"line":40,"column":32},"end":{"line":40,"column":37}},"loc":{"start":{"line":41,"column":16},"end":{"line":45,"column":null}},"line":41},"2":{"name":"(anonymous_2)","decl":{"start":{"line":61,"column":22},"end":{"line":61,"column":29}},"loc":{"start":{"line":61,"column":39},"end":{"line":75,"column":null}},"line":61},"3":{"name":"(anonymous_3)","decl":{"start":{"line":86,"column":16},"end":{"line":86,"column":27}},"loc":{"start":{"line":86,"column":37},"end":{"line":86,"column":null}},"line":86},"4":{"name":"(anonymous_4)","decl":{"start":{"line":100,"column":16},"end":{"line":100,"column":27}},"loc":{"start":{"line":100,"column":37},"end":{"line":100,"column":null}},"line":100},"5":{"name":"(anonymous_5)","decl":{"start":{"line":119,"column":29},"end":{"line":119,"column":34}},"loc":{"start":{"line":120,"column":16},"end":{"line":125,"column":null}},"line":120}},"branchMap":{"0":{"loc":{"start":{"line":69,"column":14},"end":{"line":72,"column":null}},"type":"if","locations":[{"start":{"line":69,"column":14},"end":{"line":72,"column":null}},{"start":{},"end":{}}],"line":69},"1":{"loc":{"start":{"line":70,"column":26},"end":{"line":70,"column":45}},"type":"binary-expr","locations":[{"start":{"line":70,"column":26},"end":{"line":70,"column":43}},{"start":{"line":70,"column":43},"end":{"line":70,"column":45}}],"line":70},"2":{"loc":{"start":{"line":71,"column":27},"end":{"line":71,"column":61}},"type":"binary-expr","locations":[{"start":{"line":71,"column":27},"end":{"line":71,"column":45}},{"start":{"line":71,"column":45},"end":{"line":71,"column":61}}],"line":71},"3":{"loc":{"start":{"line":88,"column":15},"end":{"line":88,"column":null}},"type":"cond-expr","locations":[{"start":{"line":88,"column":30},"end":{"line":88,"column":null}},{"start":{"line":88,"column":88},"end":{"line":88,"column":null}}],"line":88},"4":{"loc":{"start":{"line":102,"column":15},"end":{"line":102,"column":null}},"type":"cond-expr","locations":[{"start":{"line":102,"column":33},"end":{"line":102,"column":null}},{"start":{"line":102,"column":94},"end":{"line":102,"column":null}}],"line":102},"5":{"loc":{"start":{"line":105,"column":13},"end":{"line":105,"column":null}},"type":"cond-expr","locations":[{"start":{"line":105,"column":23},"end":{"line":105,"column":null}},{"start":{"line":105,"column":108},"end":{"line":105,"column":null}}],"line":105},"6":{"loc":{"start":{"line":112,"column":15},"end":{"line":112,"column":null}},"type":"cond-expr","locations":[{"start":{"line":112,"column":30},"end":{"line":112,"column":44}},{"start":{"line":112,"column":44},"end":{"line":112,"column":null}}],"line":112}},"s":{"0":41,"1":41,"2":41,"3":41,"4":41,"5":41,"6":41,"7":41,"8":123,"9":3,"10":3,"11":3,"12":3,"13":3,"14":3,"15":3,"16":2,"17":2,"18":2,"19":1,"20":18,"21":11,"22":123},"f":{"0":41,"1":123,"2":3,"3":18,"4":11,"5":123},"b":{"0":[2,1],"1":[2,1],"2":[2,1],"3":[1,40],"4":[1,40],"5":[2,39],"6":[3,38]},"meta":{"lastBranch":7,"lastFunction":6,"lastStatement":23,"seen":{"f:8:16:8:29":0,"s:9:8:9:32":0,"s:10:26:10:52":1,"s:11:16:11:65":2,"s:12:19:12:74":3,"s:13:18:13:61":4,"s:14:17:14:66":5,"s:15:23:15:57":6,"s:17:2:136:Infinity":7,"f:40:32:40:37":1,"s:41:16:45:Infinity":8,"f:61:22:61:29":2,"s:62:14:62:Infinity":9,"s:63:14:63:Infinity":10,"s:64:14:64:Infinity":11,"s:65:14:65:Infinity":12,"s:66:29:66:62":13,"s:67:14:67:Infinity":14,"b:69:14:72:Infinity:undefined:undefined:undefined:undefined":0,"s:69:14:72:Infinity":15,"s:70:16:70:Infinity":16,"b:70:26:70:43:70:43:70:45":1,"s:71:16:71:Infinity":17,"b:71:27:71:45:71:45:71:61":2,"s:72:16:72:Infinity":18,"s:75:14:75:Infinity":19,"f:86:16:86:27":3,"s:86:37:86:Infinity":20,"b:88:30:88:Infinity:88:88:88:Infinity":3,"f:100:16:100:27":4,"s:100:37:100:Infinity":21,"b:102:33:102:Infinity:102:94:102:Infinity":4,"b:105:23:105:Infinity:105:108:105:Infinity":5,"b:112:30:112:44:112:44:112:Infinity":6,"f:119:29:119:34":5,"s:120:16:125:Infinity":22}}}
,"/Users/kaperrine_dog/projects/corolab/school/graduation-works/study-sprint-board-supabase/src/routes/task-detail-page.tsx": {"path":"/Users/kaperrine_dog/projects/corolab/school/graduation-works/study-sprint-board-supabase/src/routes/task-detail-page.tsx","statementMap":{"0":{"start":{"line":10,"column":10},"end":{"line":10,"column":32}},"1":{"start":{"line":11,"column":19},"end":{"line":11,"column":49}},"2":{"start":{"line":12,"column":18},"end":{"line":12,"column":44}},"3":{"start":{"line":13,"column":18},"end":{"line":13,"column":61}},"4":{"start":{"line":14,"column":16},"end":{"line":14,"column":57}},"5":{"start":{"line":15,"column":15},"end":{"line":15,"column":null}},"6":{"start":{"line":17,"column":2},"end":{"line":18,"column":null}},"7":{"start":{"line":18,"column":4},"end":{"line":18,"column":null}},"8":{"start":{"line":21,"column":2},"end":{"line":134,"column":null}},"9":{"start":{"line":45,"column":16},"end":{"line":54,"column":null}},"10":{"start":{"line":63,"column":12},"end":{"line":63,"column":null}},"11":{"start":{"line":64,"column":12},"end":{"line":64,"column":null}},"12":{"start":{"line":65,"column":12},"end":{"line":65,"column":null}},"13":{"start":{"line":66,"column":27},"end":{"line":66,"column":65}},"14":{"start":{"line":68,"column":12},"end":{"line":70,"column":null}},"15":{"start":{"line":69,"column":14},"end":{"line":69,"column":null}},"16":{"start":{"line":70,"column":14},"end":{"line":70,"column":null}},"17":{"start":{"line":73,"column":12},"end":{"line":73,"column":null}},"18":{"start":{"line":74,"column":12},"end":{"line":74,"column":null}},"19":{"start":{"line":84,"column":33},"end":{"line":84,"column":63}},"20":{"start":{"line":127,"column":16},"end":{"line":130,"column":null}}},"fnMap":{"0":{"name":"TaskDetailPage","decl":{"start":{"line":9,"column":16},"end":{"line":9,"column":33}},"loc":{"start":{"line":9,"column":33},"end":{"line":134,"column":null}},"line":9},"1":{"name":"(anonymous_1)","decl":{"start":{"line":44,"column":28},"end":{"line":44,"column":33}},"loc":{"start":{"line":45,"column":16},"end":{"line":54,"column":null}},"line":45},"2":{"name":"(anonymous_2)","decl":{"start":{"line":62,"column":20},"end":{"line":62,"column":27}},"loc":{"start":{"line":62,"column":37},"end":{"line":74,"column":null}},"line":62},"3":{"name":"(anonymous_3)","decl":{"start":{"line":84,"column":12},"end":{"line":84,"column":23}},"loc":{"start":{"line":84,"column":33},"end":{"line":84,"column":63}},"line":84},"4":{"name":"(anonymous_4)","decl":{"start":{"line":126,"column":26},"end":{"line":126,"column":31}},"loc":{"start":{"line":127,"column":16},"end":{"line":130,"column":null}},"line":127}},"branchMap":{"0":{"loc":{"start":{"line":15,"column":15},"end":{"line":15,"column":null}},"type":"cond-expr","locations":[{"start":{"line":15,"column":24},"end":{"line":15,"column":39}},{"start":{"line":15,"column":42},"end":{"line":15,"column":null}}],"line":15},"1":{"loc":{"start":{"line":17,"column":2},"end":{"line":18,"column":null}},"type":"if","locations":[{"start":{"line":17,"column":2},"end":{"line":18,"column":null}},{"start":{},"end":{}}],"line":17},"2":{"loc":{"start":{"line":31,"column":66},"end":{"line":31,"column":104}},"type":"binary-expr","locations":[{"start":{"line":31,"column":66},"end":{"line":31,"column":86}},{"start":{"line":31,"column":86},"end":{"line":31,"column":104}}],"line":31},"3":{"loc":{"start":{"line":41,"column":13},"end":{"line":54,"column":null}},"type":"cond-expr","locations":[{"start":{"line":42,"column":14},"end":{"line":44,"column":19}},{"start":{"line":44,"column":14},"end":{"line":54,"column":null}}],"line":41},"4":{"loc":{"start":{"line":68,"column":12},"end":{"line":70,"column":null}},"type":"if","locations":[{"start":{"line":68,"column":12},"end":{"line":70,"column":null}},{"start":{},"end":{}}],"line":68},"5":{"loc":{"start":{"line":69,"column":23},"end":{"line":69,"column":84}},"type":"binary-expr","locations":[{"start":{"line":69,"column":23},"end":{"line":69,"column":49}},{"start":{"line":69,"column":49},"end":{"line":69,"column":67}},{"start":{"line":69,"column":67},"end":{"line":69,"column":84}}],"line":69},"6":{"loc":{"start":{"line":87,"column":11},"end":{"line":87,"column":null}},"type":"cond-expr","locations":[{"start":{"line":87,"column":19},"end":{"line":87,"column":null}},{"start":{"line":87,"column":70},"end":{"line":87,"column":null}}],"line":87},"7":{"loc":{"start":{"line":88,"column":11},"end":{"line":88,"column":null}},"type":"cond-expr","locations":[{"start":{"line":88,"column":21},"end":{"line":88,"column":null}},{"start":{"line":88,"column":77},"end":{"line":88,"column":null}}],"line":88},"8":{"loc":{"start":{"line":100,"column":17},"end":{"line":100,"column":53}},"type":"binary-expr","locations":[{"start":{"line":100,"column":17},"end":{"line":100,"column":40}},{"start":{"line":100,"column":40},"end":{"line":100,"column":53}}],"line":100},"9":{"loc":{"start":{"line":123,"column":13},"end":{"line":130,"column":null}},"type":"cond-expr","locations":[{"start":{"line":124,"column":14},"end":{"line":126,"column":19}},{"start":{"line":126,"column":14},"end":{"line":130,"column":null}}],"line":123}},"s":{"0":41,"1":41,"2":41,"3":41,"4":41,"5":41,"6":41,"7":2,"8":39,"9":28,"10":4,"11":4,"12":4,"13":4,"14":4,"15":3,"16":3,"17":1,"18":1,"19":28,"20":27},"f":{"0":41,"1":28,"2":4,"3":28,"4":27},"b":{"0":[40,1],"1":[2,39],"2":[39,12],"3":[12,27],"4":[3,1],"5":[3,2,1],"6":[7,32],"7":[1,38],"8":[41,12],"9":[12,27]},"meta":{"lastBranch":10,"lastFunction":5,"lastStatement":21,"seen":{"f:9:16:9:33":0,"s:10:10:10:32":0,"s:11:19:11:49":1,"s:12:18:12:44":2,"s:13:18:13:61":3,"s:14:16:14:57":4,"s:15:15:15:Infinity":5,"b:15:24:15:39:15:42:15:Infinity":0,"b:17:2:18:Infinity:undefined:undefined:undefined:undefined":1,"s:17:2:18:Infinity":6,"s:18:4:18:Infinity":7,"s:21:2:134:Infinity":8,"b:31:66:31:86:31:86:31:104":2,"b:42:14:44:19:44:14:54:Infinity":3,"f:44:28:44:33":1,"s:45:16:54:Infinity":9,"f:62:20:62:27":2,"s:63:12:63:Infinity":10,"s:64:12:64:Infinity":11,"s:65:12:65:Infinity":12,"s:66:27:66:65":13,"b:68:12:70:Infinity:undefined:undefined:undefined:undefined":4,"s:68:12:70:Infinity":14,"s:69:14:69:Infinity":15,"b:69:23:69:49:69:49:69:67:69:67:69:84":5,"s:70:14:70:Infinity":16,"s:73:12:73:Infinity":17,"s:74:12:74:Infinity":18,"f:84:12:84:23":3,"s:84:33:84:63":19,"b:87:19:87:Infinity:87:70:87:Infinity":6,"b:88:21:88:Infinity:88:77:88:Infinity":7,"b:100:17:100:40:100:40:100:53":8,"b:124:14:126:19:126:14:130:Infinity":9,"f:126:26:126:31":4,"s:127:16:130:Infinity":20}}}
,"/Users/kaperrine_dog/projects/corolab/school/graduation-works/study-sprint-board-supabase/src/routes/task-editor-page.tsx": {"path":"/Users/kaperrine_dog/projects/corolab/school/graduation-works/study-sprint-board-supabase/src/routes/task-editor-page.tsx","statementMap":{"0":{"start":{"line":8,"column":8},"end":{"line":8,"column":32}},"1":{"start":{"line":9,"column":10},"end":{"line":9,"column":32}},"2":{"start":{"line":10,"column":46},"end":{"line":10,"column":76}},"3":{"start":{"line":11,"column":15},"end":{"line":11,"column":null}},"4":{"start":{"line":13,"column":2},"end":{"line":14,"column":null}},"5":{"start":{"line":14,"column":4},"end":{"line":14,"column":null}},"6":{"start":{"line":17,"column":2},"end":{"line":56,"column":null}},"7":{"start":{"line":48,"column":12},"end":{"line":48,"column":93}},"8":{"start":{"line":50,"column":10},"end":{"line":51,"column":null}},"9":{"start":{"line":51,"column":12},"end":{"line":51,"column":null}},"10":{"start":{"line":54,"column":10},"end":{"line":54,"column":null}}},"fnMap":{"0":{"name":"TaskEditorPage","decl":{"start":{"line":7,"column":16},"end":{"line":7,"column":31}},"loc":{"start":{"line":7,"column":70},"end":{"line":56,"column":null}},"line":7},"1":{"name":"(anonymous_1)","decl":{"start":{"line":46,"column":18},"end":{"line":46,"column":25}},"loc":{"start":{"line":46,"column":36},"end":{"line":54,"column":null}},"line":46}},"branchMap":{"0":{"loc":{"start":{"line":11,"column":15},"end":{"line":11,"column":null}},"type":"cond-expr","locations":[{"start":{"line":11,"column":43},"end":{"line":11,"column":58}},{"start":{"line":11,"column":61},"end":{"line":11,"column":null}}],"line":11},"1":{"loc":{"start":{"line":11,"column":15},"end":{"line":11,"column":43}},"type":"binary-expr","locations":[{"start":{"line":11,"column":15},"end":{"line":11,"column":34}},{"start":{"line":11,"column":34},"end":{"line":11,"column":43}}],"line":11},"2":{"loc":{"start":{"line":13,"column":2},"end":{"line":14,"column":null}},"type":"if","locations":[{"start":{"line":13,"column":2},"end":{"line":14,"column":null}},{"start":{},"end":{}}],"line":13},"3":{"loc":{"start":{"line":13,"column":6},"end":{"line":13,"column":32}},"type":"binary-expr","locations":[{"start":{"line":13,"column":6},"end":{"line":13,"column":25}},{"start":{"line":13,"column":25},"end":{"line":13,"column":32}}],"line":13},"4":{"loc":{"start":{"line":20,"column":59},"end":{"line":20,"column":111}},"type":"cond-expr","locations":[{"start":{"line":20,"column":79},"end":{"line":20,"column":95}},{"start":{"line":20,"column":95},"end":{"line":20,"column":111}}],"line":20},"5":{"loc":{"start":{"line":22,"column":11},"end":{"line":22,"column":null}},"type":"cond-expr","locations":[{"start":{"line":22,"column":31},"end":{"line":22,"column":45}},{"start":{"line":22,"column":45},"end":{"line":22,"column":null}}],"line":22},"6":{"loc":{"start":{"line":31,"column":10},"end":{"line":41,"column":null}},"type":"cond-expr","locations":[{"start":{"line":32,"column":14},"end":{"line":40,"column":null}},{"start":{"line":41,"column":14},"end":{"line":41,"column":null}}],"line":31},"7":{"loc":{"start":{"line":45,"column":21},"end":{"line":45,"column":null}},"type":"cond-expr","locations":[{"start":{"line":45,"column":41},"end":{"line":45,"column":54}},{"start":{"line":45,"column":54},"end":{"line":45,"column":null}}],"line":45},"8":{"loc":{"start":{"line":48,"column":12},"end":{"line":48,"column":93}},"type":"cond-expr","locations":[{"start":{"line":48,"column":32},"end":{"line":48,"column":56}},{"start":{"line":48,"column":59},"end":{"line":48,"column":93}}],"line":48},"9":{"loc":{"start":{"line":50,"column":10},"end":{"line":51,"column":null}},"type":"if","locations":[{"start":{"line":50,"column":10},"end":{"line":51,"column":null}},{"start":{},"end":{}}],"line":50},"10":{"loc":{"start":{"line":51,"column":21},"end":{"line":51,"column":74}},"type":"cond-expr","locations":[{"start":{"line":51,"column":41},"end":{"line":51,"column":52}},{"start":{"line":51,"column":52},"end":{"line":51,"column":74}}],"line":51}},"s":{"0":8,"1":8,"2":8,"3":8,"4":8,"5":1,"6":7,"7":6,"8":3,"9":4,"10":6},"f":{"0":8,"1":6},"b":{"0":[5,3],"1":[8,5],"2":[1,7],"3":[8,5],"4":[3,4],"5":[3,4],"6":[4,3],"7":[3,4],"8":[3,3],"9":[4,-1],"10":[2,2]},"meta":{"lastBranch":11,"lastFunction":2,"lastStatement":11,"seen":{"f:7:16:7:31":0,"s:8:8:8:32":0,"s:9:10:9:32":1,"s:10:46:10:76":2,"s:11:15:11:Infinity":3,"b:11:43:11:58:11:61:11:Infinity":0,"b:11:15:11:34:11:34:11:43":1,"b:13:2:14:Infinity:undefined:undefined:undefined:undefined":2,"s:13:2:14:Infinity":4,"b:13:6:13:25:13:25:13:32":3,"s:14:4:14:Infinity":5,"s:17:2:56:Infinity":6,"b:20:79:20:95:20:95:20:111":4,"b:22:31:22:45:22:45:22:Infinity":5,"b:32:14:40:Infinity:41:14:41:Infinity":6,"b:45:41:45:54:45:54:45:Infinity":7,"f:46:18:46:25":1,"s:48:12:48:93":7,"b:48:32:48:56:48:59:48:93":8,"b:50:10:51:Infinity:undefined:undefined:undefined:undefined":9,"s:50:10:51:Infinity":8,"s:51:12:51:Infinity":9,"b:51:41:51:52:51:52:51:74":10,"s:54:10:54:Infinity":10}}}
,"/Users/kaperrine_dog/projects/corolab/school/graduation-works/study-sprint-board-supabase/src/routes/tasks-page.tsx": {"path":"/Users/kaperrine_dog/projects/corolab/school/graduation-works/study-sprint-board-supabase/src/routes/tasks-page.tsx","statementMap":{"0":{"start":{"line":9,"column":10},"end":{"line":9,"column":35}},"1":{"start":{"line":11,"column":2},"end":{"line":63,"column":null}},"2":{"start":{"line":29,"column":12},"end":{"line":61,"column":null}},"3":{"start":{"line":36,"column":22},"end":{"line":39,"column":null}}},"fnMap":{"0":{"name":"TasksPage","decl":{"start":{"line":8,"column":16},"end":{"line":8,"column":28}},"loc":{"start":{"line":8,"column":28},"end":{"line":63,"column":null}},"line":8},"1":{"name":"(anonymous_1)","decl":{"start":{"line":28,"column":17},"end":{"line":28,"column":22}},"loc":{"start":{"line":29,"column":12},"end":{"line":61,"column":null}},"line":29},"2":{"name":"(anonymous_2)","decl":{"start":{"line":35,"column":33},"end":{"line":35,"column":38}},"loc":{"start":{"line":36,"column":22},"end":{"line":39,"column":null}},"line":36}},"branchMap":{"0":{"loc":{"start":{"line":24,"column":7},"end":{"line":63,"column":null}},"type":"cond-expr","locations":[{"start":{"line":25,"column":8},"end":{"line":27,"column":9}},{"start":{"line":27,"column":8},"end":{"line":63,"column":null}}],"line":24},"1":{"loc":{"start":{"line":44,"column":64},"end":{"line":44,"column":102}},"type":"binary-expr","locations":[{"start":{"line":44,"column":64},"end":{"line":44,"column":84}},{"start":{"line":44,"column":84},"end":{"line":44,"column":102}}],"line":44},"2":{"loc":{"start":{"line":48,"column":27},"end":{"line":48,"column":62}},"type":"binary-expr","locations":[{"start":{"line":48,"column":27},"end":{"line":48,"column":50}},{"start":{"line":48,"column":50},"end":{"line":48,"column":62}}],"line":48}},"s":{"0":3,"1":3,"2":21,"3":32},"f":{"0":3,"1":21,"2":32},"b":{"0":[1,2],"1":[21,1],"2":[21,2]},"meta":{"lastBranch":3,"lastFunction":3,"lastStatement":4,"seen":{"f:8:16:8:28":0,"s:9:10:9:35":0,"s:11:2:63:Infinity":1,"b:25:8:27:9:27:8:63:Infinity":0,"f:28:17:28:22":1,"s:29:12:61:Infinity":2,"f:35:33:35:38":2,"s:36:22:39:Infinity":3,"b:44:64:44:84:44:84:44:102":1,"b:48:27:48:50:48:50:48:62":2}}}
}
